TimeStamp: 2018-04-27 15:26:54.0713
Level: INFO
Title: The connection to the subscription is disconnected and it will be reopen asap


TimeStamp: 2018-04-27 15:26:54.4314
Level: INFO
Title: Connection is reopen. Running monitoring


TimeStamp: 2018-04-27 15:26:54.8079
Level: INFO
Title: The connection to the subscription is disconnected and it will be reopen asap


TimeStamp: 2018-04-27 15:26:55.1974
Level: INFO
Title: Connection is reopen. Running monitoring


TimeStamp: 2018-04-27 15:27:56.7201
Level: INFO
Title: The connection to the subscription is disconnected and it will be reopen asap


TimeStamp: 2018-04-27 15:27:56.7201
Level: INFO
Title: The connection to the subscription is disconnected and it will be reopen asap


TimeStamp: 2018-04-27 15:27:57.0798
Level: INFO
Title: Connection is reopen. Running monitoring


TimeStamp: 2018-04-27 15:27:57.6980
Level: INFO
Title: Connection is reopen. Running monitoring


TimeStamp: 2018-04-27 15:30:53.3022
Level: INFO
Title: start windows service.


TimeStamp: 2018-04-27 15:30:53.3497
Level: INFO
Title: start connecting ares@comm100.com...


TimeStamp: 2018-04-27 15:30:53.3557
Level: INFO
Title: start connecting frank@comm100.com...


TimeStamp: 2018-04-27 15:31:02.4290
Level: INFO
Title: StreamSubscription event: 
1: Notification Event
2: Notification Error
3: Disconnection


TimeStamp: 2018-04-27 15:31:04.2016
Level: INFO
Title: StreamSubscription event: 
1: Notification Event
2: Notification Error
3: Disconnection


TimeStamp: 2018-04-27 15:32:02.4197
Level: INFO
Title: The connection to the subscription is disconnected and it will be reopen asap


TimeStamp: 2018-04-27 15:32:02.7738
Level: INFO
Title: Connection is reopen. Running monitoring


TimeStamp: 2018-04-27 15:32:04.2036
Level: INFO
Title: The connection to the subscription is disconnected and it will be reopen asap


TimeStamp: 2018-04-27 15:32:04.5486
Level: INFO
Title: Connection is reopen. Running monitoring


TimeStamp: 2018-04-27 15:33:02.7760
Level: INFO
Title: The connection to the subscription is disconnected and it will be reopen asap


TimeStamp: 2018-04-27 15:33:03.1155
Level: INFO
Title: Connection is reopen. Running monitoring


TimeStamp: 2018-04-27 15:33:04.5628
Level: INFO
Title: The connection to the subscription is disconnected and it will be reopen asap


TimeStamp: 2018-04-27 15:33:04.9084
Level: INFO
Title: Connection is reopen. Running monitoring


TimeStamp: 2018-04-27 15:35:24.9341
Level: INFO
Title: start windows service.


TimeStamp: 2018-04-27 15:35:24.9876
Level: INFO
Title: start connecting frank@comm100.com...


TimeStamp: 2018-04-27 15:35:24.9876
Level: INFO
Title: start connecting ares@comm100.com...


TimeStamp: 2018-04-27 15:35:36.5903
Level: INFO
Title: StreamSubscription event: 
1: Notification Event
2: Notification Error
3: Disconnection


TimeStamp: 2018-04-27 15:35:40.5602
Level: INFO
Title: StreamSubscription event: 
1: Notification Event
2: Notification Error
3: Disconnection


TimeStamp: 2018-04-27 15:36:36.5842
Level: INFO
Title: The connection to the subscription is disconnected and it will be reopen asap


TimeStamp: 2018-04-27 15:36:36.9539
Level: INFO
Title: Connection is reopen. Running monitoring


TimeStamp: 2018-04-27 15:36:40.5735
Level: INFO
Title: The connection to the subscription is disconnected and it will be reopen asap


TimeStamp: 2018-04-27 15:36:40.9473
Level: INFO
Title: Connection is reopen. Running monitoring


TimeStamp: 2018-04-27 15:37:36.9412
Level: INFO
Title: The connection to the subscription is disconnected and it will be reopen asap


TimeStamp: 2018-04-27 15:37:37.2969
Level: INFO
Title: Connection is reopen. Running monitoring


TimeStamp: 2018-04-27 15:37:40.9459
Level: INFO
Title: The connection to the subscription is disconnected and it will be reopen asap


TimeStamp: 2018-04-27 15:37:41.3067
Level: INFO
Title: Connection is reopen. Running monitoring


TimeStamp: 2018-04-27 15:38:37.2851
Level: INFO
Title: The connection to the subscription is disconnected and it will be reopen asap


TimeStamp: 2018-04-27 15:38:37.6417
Level: INFO
Title: Connection is reopen. Running monitoring


TimeStamp: 2018-04-27 15:38:41.3065
Level: INFO
Title: The connection to the subscription is disconnected and it will be reopen asap


TimeStamp: 2018-04-27 15:38:41.6979
Level: INFO
Title: Connection is reopen. Running monitoring


TimeStamp: 2018-04-27 15:39:37.6297
Level: INFO
Title: The connection to the subscription is disconnected and it will be reopen asap


TimeStamp: 2018-04-27 15:39:37.9873
Level: INFO
Title: Connection is reopen. Running monitoring


TimeStamp: 2018-04-27 15:39:41.6866
Level: INFO
Title: The connection to the subscription is disconnected and it will be reopen asap


TimeStamp: 2018-04-27 15:39:42.0523
Level: INFO
Title: Connection is reopen. Running monitoring


TimeStamp: 2018-04-27 15:40:37.9742
Level: INFO
Title: The connection to the subscription is disconnected and it will be reopen asap


TimeStamp: 2018-04-27 15:40:38.3469
Level: INFO
Title: Connection is reopen. Running monitoring


TimeStamp: 2018-04-27 15:40:42.0592
Level: INFO
Title: The connection to the subscription is disconnected and it will be reopen asap


TimeStamp: 2018-04-27 15:40:42.4315
Level: INFO
Title: Connection is reopen. Running monitoring


TimeStamp: 2018-04-27 15:41:38.3338
Level: INFO
Title: The connection to the subscription is disconnected and it will be reopen asap


TimeStamp: 2018-04-27 15:41:38.6865
Level: INFO
Title: Connection is reopen. Running monitoring


TimeStamp: 2018-04-27 15:41:42.4320
Level: INFO
Title: The connection to the subscription is disconnected and it will be reopen asap


TimeStamp: 2018-04-27 15:41:42.7875
Level: INFO
Title: Connection is reopen. Running monitoring


TimeStamp: 2018-04-27 15:42:38.6787
Level: INFO
Title: The connection to the subscription is disconnected and it will be reopen asap


TimeStamp: 2018-04-27 15:42:39.0532
Level: INFO
Title: Connection is reopen. Running monitoring


TimeStamp: 2018-04-27 15:42:42.7977
Level: INFO
Title: The connection to the subscription is disconnected and it will be reopen asap


TimeStamp: 2018-04-27 15:42:43.1643
Level: INFO
Title: Connection is reopen. Running monitoring


TimeStamp: 2018-04-27 15:43:39.0393
Level: INFO
Title: The connection to the subscription is disconnected and it will be reopen asap


TimeStamp: 2018-04-27 15:43:39.4153
Level: INFO
Title: Connection is reopen. Running monitoring


TimeStamp: 2018-04-27 15:43:43.1739
Level: INFO
Title: The connection to the subscription is disconnected and it will be reopen asap


TimeStamp: 2018-04-27 15:43:43.5818
Level: INFO
Title: Connection is reopen. Running monitoring


TimeStamp: 2018-04-27 15:44:39.4144
Level: INFO
Title: The connection to the subscription is disconnected and it will be reopen asap


TimeStamp: 2018-04-27 15:44:39.7656
Level: INFO
Title: Connection is reopen. Running monitoring


TimeStamp: 2018-04-27 15:44:43.5862
Level: INFO
Title: The connection to the subscription is disconnected and it will be reopen asap


TimeStamp: 2018-04-27 15:44:43.9509
Level: INFO
Title: Connection is reopen. Running monitoring


TimeStamp: 2018-04-27 15:45:39.7587
Level: INFO
Title: The connection to the subscription is disconnected and it will be reopen asap


TimeStamp: 2018-04-27 15:45:40.1345
Level: INFO
Title: Connection is reopen. Running monitoring


TimeStamp: 2018-04-27 15:45:43.9512
Level: INFO
Title: The connection to the subscription is disconnected and it will be reopen asap


TimeStamp: 2018-04-27 15:45:44.3232
Level: INFO
Title: Connection is reopen. Running monitoring


TimeStamp: 2018-04-27 15:45:49.7002
Level: INFO
Title: The process cannot access the file 'E:\Demo Code\ExchangeAutoCollectionService\ExchangeAutoCollectionService\bin\Debug\LogInfo\Log.txt' because it is being used by another process.


TimeStamp: 2018-04-27 15:46:40.1230
Level: INFO
Title: The connection to the subscription is disconnected and it will be reopen asap


TimeStamp: 2018-04-27 15:46:40.4915
Level: INFO
Title: Connection is reopen. Running monitoring


TimeStamp: 2018-04-27 15:46:44.3363
Level: INFO
Title: The connection to the subscription is disconnected and it will be reopen asap


TimeStamp: 2018-04-27 15:46:44.7024
Level: INFO
Title: Connection is reopen. Running monitoring


TimeStamp: 2018-04-27 15:47:02.8234
Level: INFO
Title: The process cannot access the file 'E:\Demo Code\ExchangeAutoCollectionService\ExchangeAutoCollectionService\bin\Debug\LogInfo\Log.txt' because it is being used by another process.


TimeStamp: 2018-04-27 15:47:40.4784
Level: INFO
Title: The connection to the subscription is disconnected and it will be reopen asap


TimeStamp: 2018-04-27 15:47:40.8308
Level: INFO
Title: Connection is reopen. Running monitoring


TimeStamp: 2018-04-27 15:47:44.7131
Level: INFO
Title: The connection to the subscription is disconnected and it will be reopen asap


TimeStamp: 2018-04-27 15:47:45.0825
Level: INFO
Title: Connection is reopen. Running monitoring


TimeStamp: 2018-04-27 15:48:40.8241
Level: INFO
Title: The connection to the subscription is disconnected and it will be reopen asap


TimeStamp: 2018-04-27 15:48:41.1792
Level: INFO
Title: Connection is reopen. Running monitoring


TimeStamp: 2018-04-27 15:48:45.0826
Level: INFO
Title: The connection to the subscription is disconnected and it will be reopen asap


TimeStamp: 2018-04-27 15:48:45.4493
Level: INFO
Title: Connection is reopen. Running monitoring


TimeStamp: 2018-04-27 15:49:41.1678
Level: INFO
Title: The connection to the subscription is disconnected and it will be reopen asap


TimeStamp: 2018-04-27 15:49:41.5211
Level: INFO
Title: Connection is reopen. Running monitoring


TimeStamp: 2018-04-27 15:49:45.4602
Level: INFO
Title: The connection to the subscription is disconnected and it will be reopen asap


TimeStamp: 2018-04-27 15:49:45.8271
Level: INFO
Title: Connection is reopen. Running monitoring


TimeStamp: 2018-04-27 15:50:17.8584
Level: INFO
Title: The process cannot access the file 'E:\Demo Code\ExchangeAutoCollectionService\ExchangeAutoCollectionService\bin\Debug\LogInfo\Log.txt' because it is being used by another process.


TimeStamp: 2018-04-27 15:50:41.5126
Level: INFO
Title: The connection to the subscription is disconnected and it will be reopen asap


TimeStamp: 2018-04-27 15:50:41.9272
Level: INFO
Title: Connection is reopen. Running monitoring


TimeStamp: 2018-04-27 15:50:45.8354
Level: INFO
Title: The connection to the subscription is disconnected and it will be reopen asap


TimeStamp: 2018-04-27 15:50:46.2015
Level: INFO
Title: Connection is reopen. Running monitoring


TimeStamp: 2018-04-27 15:50:47.8790
Level: INFO
Title: The process cannot access the file 'E:\Demo Code\ExchangeAutoCollectionService\ExchangeAutoCollectionService\bin\Debug\LogInfo\Log.txt' because it is being used by another process.


TimeStamp: 2018-04-27 15:51:17.8761
Level: INFO
Title: The process cannot access the file 'E:\Demo Code\ExchangeAutoCollectionService\ExchangeAutoCollectionService\bin\Debug\LogInfo\Log.txt' because it is being used by another process.


TimeStamp: 2018-04-27 15:51:41.9189
Level: INFO
Title: The connection to the subscription is disconnected and it will be reopen asap


TimeStamp: 2018-04-27 15:51:42.2912
Level: INFO
Title: Connection is reopen. Running monitoring


TimeStamp: 2018-04-27 15:51:46.2141
Level: INFO
Title: The connection to the subscription is disconnected and it will be reopen asap


TimeStamp: 2018-04-27 15:51:46.5849
Level: INFO
Title: Connection is reopen. Running monitoring


TimeStamp: 2018-04-27 15:51:47.9148
Level: INFO
Title: The process cannot access the file 'E:\Demo Code\ExchangeAutoCollectionService\ExchangeAutoCollectionService\bin\Debug\LogInfo\Log.txt' because it is being used by another process.


TimeStamp: 2018-04-27 15:52:17.8991
Level: INFO
Title: The process cannot access the file 'E:\Demo Code\ExchangeAutoCollectionService\ExchangeAutoCollectionService\bin\Debug\LogInfo\Log.txt' because it is being used by another process.


TimeStamp: 2018-04-27 15:52:42.2791
Level: INFO
Title: The connection to the subscription is disconnected and it will be reopen asap


TimeStamp: 2018-04-27 15:52:42.7107
Level: INFO
Title: Connection is reopen. Running monitoring


TimeStamp: 2018-04-27 15:52:46.5846
Level: INFO
Title: The connection to the subscription is disconnected and it will be reopen asap


TimeStamp: 2018-04-27 15:52:46.9631
Level: INFO
Title: Connection is reopen. Running monitoring


TimeStamp: 2018-04-27 15:53:17.9132
Level: INFO
Title: The process cannot access the file 'E:\Demo Code\ExchangeAutoCollectionService\ExchangeAutoCollectionService\bin\Debug\LogInfo\Log.txt' because it is being used by another process.


TimeStamp: 2018-04-27 15:53:42.7013
Level: INFO
Title: The connection to the subscription is disconnected and it will be reopen asap


TimeStamp: 2018-04-27 15:53:43.0534
Level: INFO
Title: Connection is reopen. Running monitoring


TimeStamp: 2018-04-27 15:53:46.9595
Level: INFO
Title: The connection to the subscription is disconnected and it will be reopen asap


TimeStamp: 2018-04-27 15:53:47.3337
Level: INFO
Title: Connection is reopen. Running monitoring


TimeStamp: 2018-04-27 15:53:47.9189
Level: INFO
Title: The process cannot access the file 'E:\Demo Code\ExchangeAutoCollectionService\ExchangeAutoCollectionService\bin\Debug\LogInfo\Log.txt' because it is being used by another process.


TimeStamp: 2018-04-27 15:54:43.0457
Level: INFO
Title: The connection to the subscription is disconnected and it will be reopen asap


TimeStamp: 2018-04-27 15:54:43.4188
Level: INFO
Title: Connection is reopen. Running monitoring


TimeStamp: 2018-04-27 15:54:47.3369
Level: INFO
Title: The connection to the subscription is disconnected and it will be reopen asap


TimeStamp: 2018-04-27 15:54:47.7104
Level: INFO
Title: Connection is reopen. Running monitoring


TimeStamp: 2018-04-27 15:55:43.4052
Level: INFO
Title: The connection to the subscription is disconnected and it will be reopen asap


TimeStamp: 2018-04-27 15:55:43.7729
Level: INFO
Title: Connection is reopen. Running monitoring


TimeStamp: 2018-04-27 15:55:47.7236
Level: INFO
Title: The connection to the subscription is disconnected and it will be reopen asap


TimeStamp: 2018-04-27 15:55:48.0919
Level: INFO
Title: Connection is reopen. Running monitoring


TimeStamp: 2018-04-27 15:56:43.7659
Level: INFO
Title: The connection to the subscription is disconnected and it will be reopen asap


TimeStamp: 2018-04-27 15:56:44.1185
Level: INFO
Title: Connection is reopen. Running monitoring


TimeStamp: 2018-04-27 15:56:48.1020
Level: INFO
Title: The connection to the subscription is disconnected and it will be reopen asap


TimeStamp: 2018-04-27 15:56:48.4673
Level: INFO
Title: Connection is reopen. Running monitoring


TimeStamp: 2018-04-27 15:57:44.1099
Level: INFO
Title: The connection to the subscription is disconnected and it will be reopen asap


TimeStamp: 2018-04-27 15:57:44.4684
Level: INFO
Title: Connection is reopen. Running monitoring


TimeStamp: 2018-04-27 15:57:48.4706
Level: INFO
Title: The connection to the subscription is disconnected and it will be reopen asap


TimeStamp: 2018-04-27 15:57:48.8483
Level: INFO
Title: Connection is reopen. Running monitoring


TimeStamp: 2018-04-27 15:58:44.4556
Level: INFO
Title: The connection to the subscription is disconnected and it will be reopen asap


TimeStamp: 2018-04-27 15:58:44.8239
Level: INFO
Title: Connection is reopen. Running monitoring


TimeStamp: 2018-04-27 15:58:48.8645
Level: INFO
Title: The connection to the subscription is disconnected and it will be reopen asap


TimeStamp: 2018-04-27 15:58:49.2464
Level: INFO
Title: Connection is reopen. Running monitoring


TimeStamp: 2018-04-27 15:59:44.8147
Level: INFO
Title: The connection to the subscription is disconnected and it will be reopen asap


TimeStamp: 2018-04-27 15:59:45.1802
Level: INFO
Title: Connection is reopen. Running monitoring


TimeStamp: 2018-04-27 15:59:49.2508
Level: INFO
Title: The connection to the subscription is disconnected and it will be reopen asap


TimeStamp: 2018-04-27 15:59:49.6216
Level: INFO
Title: Connection is reopen. Running monitoring


TimeStamp: 2018-04-27 16:00:45.1742
Level: INFO
Title: The connection to the subscription is disconnected and it will be reopen asap


TimeStamp: 2018-04-27 16:00:45.5454
Level: INFO
Title: Connection is reopen. Running monitoring


TimeStamp: 2018-04-27 16:00:49.6351
Level: INFO
Title: The connection to the subscription is disconnected and it will be reopen asap


TimeStamp: 2018-04-27 16:00:50.0215
Level: INFO
Title: Connection is reopen. Running monitoring


TimeStamp: 2018-04-27 16:03:18.2018
Level: INFO
Title: start windows service.


TimeStamp: 2018-04-27 16:03:18.2639
Level: INFO
Title: start connecting frank@comm100.com...


TimeStamp: 2018-04-27 16:03:18.2639
Level: INFO
Title: start connecting ares@comm100.com...


TimeStamp: 2018-04-27 16:03:37.8954
Level: INFO
Title: StreamSubscription event: 
1: Notification Event
2: Notification Error
3: Disconnection


TimeStamp: 2018-04-27 16:03:39.4907
Level: INFO
Title: StreamSubscription event: 
1: Notification Event
2: Notification Error
3: Disconnection


TimeStamp: 2018-04-27 16:04:37.9046
Level: INFO
Title: The connection to the subscription is disconnected and it will be reopen asap


TimeStamp: 2018-04-27 16:04:38.2913
Level: INFO
Title: Connection is reopen. Running monitoring


TimeStamp: 2018-04-27 16:04:39.4862
Level: INFO
Title: The connection to the subscription is disconnected and it will be reopen asap


TimeStamp: 2018-04-27 16:04:39.8548
Level: INFO
Title: Connection is reopen. Running monitoring


TimeStamp: 2018-04-27 16:05:38.2923
Level: INFO
Title: The connection to the subscription is disconnected and it will be reopen asap


TimeStamp: 2018-04-27 16:05:38.6865
Level: INFO
Title: Connection is reopen. Running monitoring


TimeStamp: 2018-04-27 16:05:39.8479
Level: INFO
Title: The connection to the subscription is disconnected and it will be reopen asap


TimeStamp: 2018-04-27 16:05:40.2203
Level: INFO
Title: Connection is reopen. Running monitoring


TimeStamp: 2018-04-27 16:17:51.1318
Level: INFO
Title: start windows service.


TimeStamp: 2018-04-27 16:17:51.1683
Level: INFO
Title: start connecting ares@comm100.com...


TimeStamp: 2018-04-27 16:17:51.1683
Level: INFO
Title: start connecting frank@comm100.com...


TimeStamp: 2018-04-27 16:18:02.3824
Level: INFO
Title: StreamSubscription event: 
1: Notification Event
2: Notification Error
3: Disconnection


TimeStamp: 2018-04-27 16:18:06.3990
Level: INFO
Title: StreamSubscription event: 
1: Notification Event
2: Notification Error
3: Disconnection


TimeStamp: 2018-04-27 16:19:02.3760
Level: INFO
Title: The connection to the subscription is disconnected and it will be reopen asap


TimeStamp: 2018-04-27 16:19:02.7481
Level: INFO
Title: Connection is reopen. Running monitoring


TimeStamp: 2018-04-27 16:19:06.3883
Level: INFO
Title: The connection to the subscription is disconnected and it will be reopen asap


TimeStamp: 2018-04-27 16:19:06.7540
Level: INFO
Title: Connection is reopen. Running monitoring


TimeStamp: 2018-04-27 16:20:02.7504
Level: INFO
Title: The connection to the subscription is disconnected and it will be reopen asap


TimeStamp: 2018-04-27 16:20:03.1441
Level: INFO
Title: Connection is reopen. Running monitoring


TimeStamp: 2018-04-27 16:20:06.7484
Level: INFO
Title: The connection to the subscription is disconnected and it will be reopen asap


TimeStamp: 2018-04-27 16:20:07.1163
Level: INFO
Title: Connection is reopen. Running monitoring


TimeStamp: 2018-04-27 16:22:00.0798
Level: INFO
Title: start windows service.


TimeStamp: 2018-04-27 16:22:00.1268
Level: INFO
Title: start connecting frank@comm100.com...


TimeStamp: 2018-04-27 16:22:00.1268
Level: INFO
Title: start connecting ares@comm100.com...


TimeStamp: 2018-04-27 16:22:12.0093
Level: INFO
Title: StreamSubscription event: 
1: Notification Event
2: Notification Error
3: Disconnection


TimeStamp: 2018-04-27 16:22:15.0868
Level: INFO
Title: StreamSubscription event: 
1: Notification Event
2: Notification Error
3: Disconnection


TimeStamp: 2018-04-27 16:23:12.0235
Level: INFO
Title: The connection to the subscription is disconnected and it will be reopen asap


TimeStamp: 2018-04-27 16:23:12.4105
Level: INFO
Title: Connection is reopen. Running monitoring


TimeStamp: 2018-04-27 16:23:15.0778
Level: INFO
Title: The connection to the subscription is disconnected and it will be reopen asap


TimeStamp: 2018-04-27 16:23:15.4224
Level: INFO
Title: Connection is reopen. Running monitoring


TimeStamp: 2018-04-27 16:24:12.4123
Level: INFO
Title: The connection to the subscription is disconnected and it will be reopen asap


TimeStamp: 2018-04-27 16:24:12.7978
Level: INFO
Title: Connection is reopen. Running monitoring


TimeStamp: 2018-04-27 16:24:15.4071
Level: INFO
Title: The connection to the subscription is disconnected and it will be reopen asap


TimeStamp: 2018-04-27 16:24:15.7436
Level: INFO
Title: Connection is reopen. Running monitoring


TimeStamp: 2018-04-27 16:25:12.8022
Level: INFO
Title: The connection to the subscription is disconnected and it will be reopen asap


TimeStamp: 2018-04-27 16:25:13.1862
Level: INFO
Title: Connection is reopen. Running monitoring


TimeStamp: 2018-04-27 16:25:15.7347
Level: INFO
Title: The connection to the subscription is disconnected and it will be reopen asap


TimeStamp: 2018-04-27 16:25:16.0721
Level: INFO
Title: Connection is reopen. Running monitoring


TimeStamp: 2018-04-27 16:26:13.2052
Level: INFO
Title: The connection to the subscription is disconnected and it will be reopen asap


TimeStamp: 2018-04-27 16:26:13.5908
Level: INFO
Title: Connection is reopen. Running monitoring


TimeStamp: 2018-04-27 16:26:16.0649
Level: INFO
Title: The connection to the subscription is disconnected and it will be reopen asap


TimeStamp: 2018-04-27 16:26:16.4115
Level: INFO
Title: Connection is reopen. Running monitoring


TimeStamp: 2018-04-27 16:27:13.6025
Level: INFO
Title: The connection to the subscription is disconnected and it will be reopen asap


TimeStamp: 2018-04-27 16:27:13.9850
Level: INFO
Title: Connection is reopen. Running monitoring


TimeStamp: 2018-04-27 16:27:16.3934
Level: INFO
Title: The connection to the subscription is disconnected and it will be reopen asap


TimeStamp: 2018-04-27 16:27:16.7286
Level: INFO
Title: Connection is reopen. Running monitoring


TimeStamp: 2018-04-27 16:29:18.7482
Level: INFO
Title: start windows service.


TimeStamp: 2018-04-27 16:29:18.8632
Level: INFO
Title: start connecting frank@comm100.com...


TimeStamp: 2018-04-27 16:29:18.8667
Level: INFO
Title: start connecting ares@comm100.com...


TimeStamp: 2018-04-27 16:29:30.4410
Level: INFO
Title: StreamSubscription event: 
1: Notification Event
2: Notification Error
3: Disconnection


TimeStamp: 2018-04-27 16:29:34.3446
Level: INFO
Title: StreamSubscription event: 
1: Notification Event
2: Notification Error
3: Disconnection


TimeStamp: 2018-04-27 16:30:30.4544
Level: INFO
Title: The connection to the subscription is disconnected and it will be reopen asap


TimeStamp: 2018-04-27 16:30:30.8408
Level: INFO
Title: Connection is reopen. Running monitoring


TimeStamp: 2018-04-27 16:30:34.3311
Level: INFO
Title: The connection to the subscription is disconnected and it will be reopen asap


TimeStamp: 2018-04-27 16:30:34.7051
Level: INFO
Title: Connection is reopen. Running monitoring


TimeStamp: 2018-04-27 16:31:30.8554
Level: INFO
Title: The connection to the subscription is disconnected and it will be reopen asap


TimeStamp: 2018-04-27 16:31:31.2475
Level: INFO
Title: Connection is reopen. Running monitoring


TimeStamp: 2018-04-27 16:31:34.6901
Level: INFO
Title: The connection to the subscription is disconnected and it will be reopen asap


TimeStamp: 2018-04-27 16:31:35.0487
Level: INFO
Title: Connection is reopen. Running monitoring


TimeStamp: 2018-04-27 16:32:31.2470
Level: INFO
Title: The connection to the subscription is disconnected and it will be reopen asap


TimeStamp: 2018-04-27 16:32:31.6273
Level: INFO
Title: Connection is reopen. Running monitoring


TimeStamp: 2018-04-27 16:32:35.0509
Level: INFO
Title: The connection to the subscription is disconnected and it will be reopen asap


TimeStamp: 2018-04-27 16:32:35.4090
Level: INFO
Title: Connection is reopen. Running monitoring


TimeStamp: 2018-04-27 16:33:31.6411
Level: INFO
Title: The connection to the subscription is disconnected and it will be reopen asap


TimeStamp: 2018-04-27 16:33:32.1396
Level: INFO
Title: Connection is reopen. Running monitoring


TimeStamp: 2018-04-27 16:33:35.3957
Level: INFO
Title: The connection to the subscription is disconnected and it will be reopen asap


TimeStamp: 2018-04-27 16:33:35.8690
Level: INFO
Title: Connection is reopen. Running monitoring


TimeStamp: 2018-04-27 16:34:32.1428
Level: INFO
Title: The connection to the subscription is disconnected and it will be reopen asap


TimeStamp: 2018-04-27 16:34:32.5345
Level: INFO
Title: Connection is reopen. Running monitoring


TimeStamp: 2018-04-27 16:34:35.8655
Level: INFO
Title: The connection to the subscription is disconnected and it will be reopen asap


TimeStamp: 2018-04-27 16:34:36.2271
Level: INFO
Title: Connection is reopen. Running monitoring


TimeStamp: 2018-04-27 16:35:32.5304
Level: INFO
Title: The connection to the subscription is disconnected and it will be reopen asap


TimeStamp: 2018-04-27 16:35:32.9167
Level: INFO
Title: Connection is reopen. Running monitoring


TimeStamp: 2018-04-27 16:35:36.2252
Level: INFO
Title: The connection to the subscription is disconnected and it will be reopen asap


TimeStamp: 2018-04-27 16:35:36.5736
Level: INFO
Title: Connection is reopen. Running monitoring


TimeStamp: 2018-04-27 16:36:32.9205
Level: INFO
Title: The connection to the subscription is disconnected and it will be reopen asap


TimeStamp: 2018-04-27 16:36:33.3043
Level: INFO
Title: Connection is reopen. Running monitoring


TimeStamp: 2018-04-27 16:36:36.5693
Level: INFO
Title: The connection to the subscription is disconnected and it will be reopen asap


TimeStamp: 2018-04-27 16:36:36.9181
Level: INFO
Title: Connection is reopen. Running monitoring


TimeStamp: 2018-04-27 16:37:33.3040
Level: INFO
Title: The connection to the subscription is disconnected and it will be reopen asap


TimeStamp: 2018-04-27 16:37:33.6823
Level: INFO
Title: Connection is reopen. Running monitoring


TimeStamp: 2018-04-27 16:37:36.9140
Level: INFO
Title: The connection to the subscription is disconnected and it will be reopen asap


TimeStamp: 2018-04-27 16:37:37.2787
Level: INFO
Title: Connection is reopen. Running monitoring


TimeStamp: 2018-04-27 16:38:33.6914
Level: INFO
Title: The connection to the subscription is disconnected and it will be reopen asap


TimeStamp: 2018-04-27 16:38:34.0750
Level: INFO
Title: Connection is reopen. Running monitoring


TimeStamp: 2018-04-27 16:38:37.2740
Level: INFO
Title: The connection to the subscription is disconnected and it will be reopen asap


TimeStamp: 2018-04-27 16:38:37.6610
Level: INFO
Title: Connection is reopen. Running monitoring


TimeStamp: 2018-04-27 16:39:34.0896
Level: INFO
Title: The connection to the subscription is disconnected and it will be reopen asap


TimeStamp: 2018-04-27 16:39:34.4667
Level: INFO
Title: Connection is reopen. Running monitoring


TimeStamp: 2018-04-27 16:39:37.6486
Level: INFO
Title: The connection to the subscription is disconnected and it will be reopen asap


TimeStamp: 2018-04-27 16:39:37.9990
Level: INFO
Title: Connection is reopen. Running monitoring


TimeStamp: 2018-04-27 16:40:34.4809
Level: INFO
Title: The connection to the subscription is disconnected and it will be reopen asap


TimeStamp: 2018-04-27 16:40:34.8578
Level: INFO
Title: Connection is reopen. Running monitoring


TimeStamp: 2018-04-27 16:40:37.9934
Level: INFO
Title: The connection to the subscription is disconnected and it will be reopen asap


TimeStamp: 2018-04-27 16:40:38.3482
Level: INFO
Title: Connection is reopen. Running monitoring


TimeStamp: 2018-04-27 16:41:34.8631
Level: INFO
Title: The connection to the subscription is disconnected and it will be reopen asap


TimeStamp: 2018-04-27 16:41:35.2484
Level: INFO
Title: Connection is reopen. Running monitoring


TimeStamp: 2018-04-27 16:41:38.3375
Level: INFO
Title: The connection to the subscription is disconnected and it will be reopen asap


TimeStamp: 2018-04-27 16:41:38.7023
Level: INFO
Title: Connection is reopen. Running monitoring


TimeStamp: 2018-04-27 16:42:35.2555
Level: INFO
Title: The connection to the subscription is disconnected and it will be reopen asap


TimeStamp: 2018-04-27 16:42:35.6418
Level: INFO
Title: Connection is reopen. Running monitoring


TimeStamp: 2018-04-27 16:42:38.6979
Level: INFO
Title: The connection to the subscription is disconnected and it will be reopen asap


TimeStamp: 2018-04-27 16:42:39.0657
Level: INFO
Title: Connection is reopen. Running monitoring


TimeStamp: 2018-04-27 16:43:35.6426
Level: INFO
Title: The connection to the subscription is disconnected and it will be reopen asap


TimeStamp: 2018-04-27 16:43:36.0320
Level: INFO
Title: Connection is reopen. Running monitoring


TimeStamp: 2018-04-27 16:43:39.0420
Level: INFO
Title: The connection to the subscription is disconnected and it will be reopen asap


TimeStamp: 2018-04-27 16:43:39.3964
Level: INFO
Title: Connection is reopen. Running monitoring


TimeStamp: 2018-04-27 16:44:36.0386
Level: INFO
Title: The connection to the subscription is disconnected and it will be reopen asap


TimeStamp: 2018-04-27 16:44:36.4232
Level: INFO
Title: Connection is reopen. Running monitoring


TimeStamp: 2018-04-27 16:44:39.3873
Level: INFO
Title: The connection to the subscription is disconnected and it will be reopen asap


TimeStamp: 2018-04-27 16:44:39.7432
Level: INFO
Title: Connection is reopen. Running monitoring


TimeStamp: 2018-04-27 16:45:36.4360
Level: INFO
Title: The connection to the subscription is disconnected and it will be reopen asap


TimeStamp: 2018-04-27 16:45:36.8281
Level: INFO
Title: Connection is reopen. Running monitoring


TimeStamp: 2018-04-27 16:45:39.7320
Level: INFO
Title: The connection to the subscription is disconnected and it will be reopen asap


TimeStamp: 2018-04-27 16:45:40.0870
Level: INFO
Title: Connection is reopen. Running monitoring


TimeStamp: 2018-04-27 16:46:36.8344
Level: INFO
Title: The connection to the subscription is disconnected and it will be reopen asap


TimeStamp: 2018-04-27 16:46:37.2127
Level: INFO
Title: Connection is reopen. Running monitoring


TimeStamp: 2018-04-27 16:46:40.0748
Level: INFO
Title: The connection to the subscription is disconnected and it will be reopen asap


TimeStamp: 2018-04-27 16:46:40.4352
Level: INFO
Title: Connection is reopen. Running monitoring


TimeStamp: 2018-04-27 16:47:37.2256
Level: INFO
Title: The connection to the subscription is disconnected and it will be reopen asap


TimeStamp: 2018-04-27 16:47:37.6035
Level: INFO
Title: Connection is reopen. Running monitoring


TimeStamp: 2018-04-27 16:47:40.4204
Level: INFO
Title: The connection to the subscription is disconnected and it will be reopen asap


TimeStamp: 2018-04-27 16:47:40.7785
Level: INFO
Title: Connection is reopen. Running monitoring


TimeStamp: 2018-04-27 16:48:37.6072
Level: INFO
Title: The connection to the subscription is disconnected and it will be reopen asap


TimeStamp: 2018-04-27 16:48:38.0072
Level: INFO
Title: Connection is reopen. Running monitoring


TimeStamp: 2018-04-27 16:48:40.7638
Level: INFO
Title: The connection to the subscription is disconnected and it will be reopen asap


TimeStamp: 2018-04-27 16:48:41.1411
Level: INFO
Title: Connection is reopen. Running monitoring


TimeStamp: 2018-04-27 16:49:38.0087
Level: INFO
Title: The connection to the subscription is disconnected and it will be reopen asap


TimeStamp: 2018-04-27 16:49:38.3968
Level: INFO
Title: Connection is reopen. Running monitoring


TimeStamp: 2018-04-27 16:49:41.1416
Level: INFO
Title: The connection to the subscription is disconnected and it will be reopen asap


TimeStamp: 2018-04-27 16:49:41.5013
Level: INFO
Title: Connection is reopen. Running monitoring


TimeStamp: 2018-04-27 16:50:38.3973
Level: INFO
Title: The connection to the subscription is disconnected and it will be reopen asap


TimeStamp: 2018-04-27 16:50:38.7898
Level: INFO
Title: Connection is reopen. Running monitoring


TimeStamp: 2018-04-27 16:50:41.5006
Level: INFO
Title: The connection to the subscription is disconnected and it will be reopen asap


TimeStamp: 2018-04-27 16:50:41.8446
Level: INFO
Title: Connection is reopen. Running monitoring


TimeStamp: 2018-04-27 16:51:38.8021
Level: INFO
Title: The connection to the subscription is disconnected and it will be reopen asap


TimeStamp: 2018-04-27 16:51:39.1810
Level: INFO
Title: Connection is reopen. Running monitoring


TimeStamp: 2018-04-27 16:51:41.8480
Level: INFO
Title: The connection to the subscription is disconnected and it will be reopen asap


TimeStamp: 2018-04-27 16:51:42.2053
Level: INFO
Title: Connection is reopen. Running monitoring


TimeStamp: 2018-04-27 16:52:39.1829
Level: INFO
Title: The connection to the subscription is disconnected and it will be reopen asap


TimeStamp: 2018-04-27 16:52:39.5690
Level: INFO
Title: Connection is reopen. Running monitoring


TimeStamp: 2018-04-27 16:52:42.2048
Level: INFO
Title: The connection to the subscription is disconnected and it will be reopen asap


TimeStamp: 2018-04-27 16:52:42.5659
Level: INFO
Title: Connection is reopen. Running monitoring


TimeStamp: 2018-04-27 16:53:39.5768
Level: INFO
Title: The connection to the subscription is disconnected and it will be reopen asap


TimeStamp: 2018-04-27 16:53:39.9528
Level: INFO
Title: Connection is reopen. Running monitoring


TimeStamp: 2018-04-27 16:53:42.5498
Level: INFO
Title: The connection to the subscription is disconnected and it will be reopen asap


TimeStamp: 2018-04-27 16:53:42.9041
Level: INFO
Title: Connection is reopen. Running monitoring


TimeStamp: 2018-04-27 16:54:39.9650
Level: INFO
Title: The connection to the subscription is disconnected and it will be reopen asap


TimeStamp: 2018-04-27 16:54:40.3442
Level: INFO
Title: Connection is reopen. Running monitoring


TimeStamp: 2018-04-27 16:54:42.8939
Level: INFO
Title: The connection to the subscription is disconnected and it will be reopen asap


TimeStamp: 2018-04-27 16:54:43.2483
Level: INFO
Title: Connection is reopen. Running monitoring


TimeStamp: 2018-04-27 16:55:40.3611
Level: INFO
Title: The connection to the subscription is disconnected and it will be reopen asap


TimeStamp: 2018-04-27 16:55:40.7591
Level: INFO
Title: Connection is reopen. Running monitoring


TimeStamp: 2018-04-27 16:55:43.2386
Level: INFO
Title: The connection to the subscription is disconnected and it will be reopen asap


TimeStamp: 2018-04-27 16:55:43.5900
Level: INFO
Title: Connection is reopen. Running monitoring


TimeStamp: 2018-04-27 16:56:40.7653
Level: INFO
Title: The connection to the subscription is disconnected and it will be reopen asap


TimeStamp: 2018-04-27 16:56:41.1464
Level: INFO
Title: Connection is reopen. Running monitoring


TimeStamp: 2018-04-27 16:56:43.5838
Level: INFO
Title: The connection to the subscription is disconnected and it will be reopen asap


TimeStamp: 2018-04-27 16:56:43.9351
Level: INFO
Title: Connection is reopen. Running monitoring


TimeStamp: 2018-04-27 16:57:41.1566
Level: INFO
Title: The connection to the subscription is disconnected and it will be reopen asap


TimeStamp: 2018-04-27 16:57:41.5426
Level: INFO
Title: Connection is reopen. Running monitoring


TimeStamp: 2018-04-27 16:57:43.9270
Level: INFO
Title: The connection to the subscription is disconnected and it will be reopen asap


TimeStamp: 2018-04-27 16:57:44.2914
Level: INFO
Title: Connection is reopen. Running monitoring


TimeStamp: 2018-04-27 16:58:41.5539
Level: INFO
Title: The connection to the subscription is disconnected and it will be reopen asap


TimeStamp: 2018-04-27 16:58:41.9510
Level: INFO
Title: Connection is reopen. Running monitoring


TimeStamp: 2018-04-27 16:58:44.2871
Level: INFO
Title: The connection to the subscription is disconnected and it will be reopen asap


TimeStamp: 2018-04-27 16:58:44.6408
Level: INFO
Title: Connection is reopen. Running monitoring


TimeStamp: 2018-04-27 16:59:41.9556
Level: INFO
Title: The connection to the subscription is disconnected and it will be reopen asap


TimeStamp: 2018-04-27 16:59:42.3441
Level: INFO
Title: Connection is reopen. Running monitoring


TimeStamp: 2018-04-27 16:59:44.6334
Level: INFO
Title: The connection to the subscription is disconnected and it will be reopen asap


TimeStamp: 2018-04-27 16:59:44.9828
Level: INFO
Title: Connection is reopen. Running monitoring


TimeStamp: 2018-04-27 17:00:42.3451
Level: INFO
Title: The connection to the subscription is disconnected and it will be reopen asap


TimeStamp: 2018-04-27 17:00:42.7404
Level: INFO
Title: Connection is reopen. Running monitoring


TimeStamp: 2018-04-27 17:00:44.9761
Level: INFO
Title: The connection to the subscription is disconnected and it will be reopen asap


TimeStamp: 2018-04-27 17:00:45.3356
Level: INFO
Title: Connection is reopen. Running monitoring


TimeStamp: 2018-04-27 17:01:42.7522
Level: INFO
Title: The connection to the subscription is disconnected and it will be reopen asap


TimeStamp: 2018-04-27 17:01:43.1367
Level: INFO
Title: Connection is reopen. Running monitoring


TimeStamp: 2018-04-27 17:01:45.3224
Level: INFO
Title: The connection to the subscription is disconnected and it will be reopen asap


TimeStamp: 2018-04-27 17:01:45.6775
Level: INFO
Title: Connection is reopen. Running monitoring


TimeStamp: 2018-04-27 17:02:43.1453
Level: INFO
Title: The connection to the subscription is disconnected and it will be reopen asap


TimeStamp: 2018-04-27 17:02:43.5330
Level: INFO
Title: Connection is reopen. Running monitoring


TimeStamp: 2018-04-27 17:02:45.6647
Level: INFO
Title: The connection to the subscription is disconnected and it will be reopen asap


TimeStamp: 2018-04-27 17:02:46.0376
Level: INFO
Title: Connection is reopen. Running monitoring


TimeStamp: 2018-04-27 17:03:43.5353
Level: INFO
Title: The connection to the subscription is disconnected and it will be reopen asap


TimeStamp: 2018-04-27 17:03:43.9284
Level: INFO
Title: Connection is reopen. Running monitoring


TimeStamp: 2018-04-27 17:03:46.0261
Level: INFO
Title: The connection to the subscription is disconnected and it will be reopen asap


TimeStamp: 2018-04-27 17:03:46.3881
Level: INFO
Title: Connection is reopen. Running monitoring


TimeStamp: 2018-04-27 17:04:43.9297
Level: INFO
Title: The connection to the subscription is disconnected and it will be reopen asap


TimeStamp: 2018-04-27 17:04:44.3272
Level: INFO
Title: Connection is reopen. Running monitoring


TimeStamp: 2018-04-27 17:04:46.3862
Level: INFO
Title: The connection to the subscription is disconnected and it will be reopen asap


TimeStamp: 2018-04-27 17:04:46.7523
Level: INFO
Title: Connection is reopen. Running monitoring


TimeStamp: 2018-04-27 17:05:44.3346
Level: INFO
Title: The connection to the subscription is disconnected and it will be reopen asap


TimeStamp: 2018-04-27 17:05:44.7250
Level: INFO
Title: Connection is reopen. Running monitoring


TimeStamp: 2018-04-27 17:05:46.7535
Level: INFO
Title: The connection to the subscription is disconnected and it will be reopen asap


TimeStamp: 2018-04-27 17:05:47.1073
Level: INFO
Title: Connection is reopen. Running monitoring


TimeStamp: 2018-04-27 17:06:44.7337
Level: INFO
Title: The connection to the subscription is disconnected and it will be reopen asap


TimeStamp: 2018-04-27 17:06:45.1263
Level: INFO
Title: Connection is reopen. Running monitoring


TimeStamp: 2018-04-27 17:06:47.0963
Level: INFO
Title: The connection to the subscription is disconnected and it will be reopen asap


TimeStamp: 2018-04-27 17:06:47.4552
Level: INFO
Title: Connection is reopen. Running monitoring


TimeStamp: 2018-04-27 17:07:45.1285
Level: INFO
Title: The connection to the subscription is disconnected and it will be reopen asap


TimeStamp: 2018-04-27 17:07:45.5091
Level: INFO
Title: Connection is reopen. Running monitoring


TimeStamp: 2018-04-27 17:07:47.4513
Level: INFO
Title: The connection to the subscription is disconnected and it will be reopen asap


TimeStamp: 2018-04-27 17:07:47.8115
Level: INFO
Title: Connection is reopen. Running monitoring


TimeStamp: 2018-04-27 17:08:45.5218
Level: INFO
Title: The connection to the subscription is disconnected and it will be reopen asap


TimeStamp: 2018-04-27 17:08:45.9243
Level: INFO
Title: Connection is reopen. Running monitoring


TimeStamp: 2018-04-27 17:08:47.8103
Level: INFO
Title: The connection to the subscription is disconnected and it will be reopen asap


TimeStamp: 2018-04-27 17:08:48.1627
Level: INFO
Title: Connection is reopen. Running monitoring


TimeStamp: 2018-04-27 17:09:45.9115
Level: INFO
Title: The connection to the subscription is disconnected and it will be reopen asap


TimeStamp: 2018-04-27 17:09:46.3041
Level: INFO
Title: Connection is reopen. Running monitoring


TimeStamp: 2018-04-27 17:09:48.1545
Level: INFO
Title: The connection to the subscription is disconnected and it will be reopen asap


TimeStamp: 2018-04-27 17:09:48.5053
Level: INFO
Title: Connection is reopen. Running monitoring


TimeStamp: 2018-04-27 17:10:46.3059
Level: INFO
Title: The connection to the subscription is disconnected and it will be reopen asap


TimeStamp: 2018-04-27 17:10:46.6978
Level: INFO
Title: Connection is reopen. Running monitoring


TimeStamp: 2018-04-27 17:10:48.4981
Level: INFO
Title: The connection to the subscription is disconnected and it will be reopen asap


TimeStamp: 2018-04-27 17:10:48.8508
Level: INFO
Title: Connection is reopen. Running monitoring


TimeStamp: 2018-04-27 17:11:46.7058
Level: INFO
Title: The connection to the subscription is disconnected and it will be reopen asap


TimeStamp: 2018-04-27 17:11:47.0859
Level: INFO
Title: Connection is reopen. Running monitoring


TimeStamp: 2018-04-27 17:11:50.4038
Level: INFO
Title: The connection to the subscription is disconnected and it will be reopen asap


TimeStamp: 2018-04-27 17:11:50.7580
Level: INFO
Title: Connection is reopen. Running monitoring


TimeStamp: 2018-04-27 17:12:47.0858
Level: INFO
Title: The connection to the subscription is disconnected and it will be reopen asap


TimeStamp: 2018-04-27 17:12:47.4679
Level: INFO
Title: Connection is reopen. Running monitoring


TimeStamp: 2018-04-27 17:12:51.1611
Level: INFO
Title: The connection to the subscription is disconnected and it will be reopen asap


TimeStamp: 2018-04-27 17:12:51.5133
Level: INFO
Title: Connection is reopen. Running monitoring


TimeStamp: 2018-04-27 17:13:47.4842
Level: INFO
Title: The connection to the subscription is disconnected and it will be reopen asap


TimeStamp: 2018-04-27 17:13:47.8703
Level: INFO
Title: Connection is reopen. Running monitoring


TimeStamp: 2018-04-27 17:13:51.5015
Level: INFO
Title: The connection to the subscription is disconnected and it will be reopen asap


TimeStamp: 2018-04-27 17:13:51.8525
Level: INFO
Title: Connection is reopen. Running monitoring


TimeStamp: 2018-04-27 17:14:47.8712
Level: INFO
Title: The connection to the subscription is disconnected and it will be reopen asap


TimeStamp: 2018-04-27 17:14:48.2607
Level: INFO
Title: Connection is reopen. Running monitoring


TimeStamp: 2018-04-27 17:14:51.8614
Level: INFO
Title: The connection to the subscription is disconnected and it will be reopen asap


TimeStamp: 2018-04-27 17:14:52.2340
Level: INFO
Title: Connection is reopen. Running monitoring


TimeStamp: 2018-04-27 17:15:48.2660
Level: INFO
Title: The connection to the subscription is disconnected and it will be reopen asap


TimeStamp: 2018-04-27 17:15:48.6536
Level: INFO
Title: Connection is reopen. Running monitoring


TimeStamp: 2018-04-27 17:15:52.2237
Level: INFO
Title: The connection to the subscription is disconnected and it will be reopen asap


TimeStamp: 2018-04-27 17:15:52.5905
Level: INFO
Title: Connection is reopen. Running monitoring


TimeStamp: 2018-04-27 17:16:48.6527
Level: INFO
Title: The connection to the subscription is disconnected and it will be reopen asap


TimeStamp: 2018-04-27 17:16:49.0292
Level: INFO
Title: Connection is reopen. Running monitoring


TimeStamp: 2018-04-27 17:16:52.5830
Level: INFO
Title: The connection to the subscription is disconnected and it will be reopen asap


TimeStamp: 2018-04-27 17:16:52.9353
Level: INFO
Title: Connection is reopen. Running monitoring


TimeStamp: 2018-04-27 17:17:49.0328
Level: INFO
Title: The connection to the subscription is disconnected and it will be reopen asap


TimeStamp: 2018-04-27 17:17:49.4125
Level: INFO
Title: Connection is reopen. Running monitoring


TimeStamp: 2018-04-27 17:17:52.9250
Level: INFO
Title: The connection to the subscription is disconnected and it will be reopen asap


TimeStamp: 2018-04-27 17:17:53.2855
Level: INFO
Title: Connection is reopen. Running monitoring


TimeStamp: 2018-04-27 17:18:49.4183
Level: INFO
Title: The connection to the subscription is disconnected and it will be reopen asap


TimeStamp: 2018-04-27 17:18:49.8092
Level: INFO
Title: Connection is reopen. Running monitoring


TimeStamp: 2018-04-27 17:18:53.2711
Level: INFO
Title: The connection to the subscription is disconnected and it will be reopen asap


TimeStamp: 2018-04-27 17:18:53.6341
Level: INFO
Title: Connection is reopen. Running monitoring


TimeStamp: 2018-04-27 17:19:49.8102
Level: INFO
Title: The connection to the subscription is disconnected and it will be reopen asap


TimeStamp: 2018-04-27 17:19:50.1906
Level: INFO
Title: Connection is reopen. Running monitoring


TimeStamp: 2018-04-27 17:19:53.6336
Level: INFO
Title: The connection to the subscription is disconnected and it will be reopen asap


TimeStamp: 2018-04-27 17:19:53.9949
Level: INFO
Title: Connection is reopen. Running monitoring


TimeStamp: 2018-04-27 17:20:50.2036
Level: INFO
Title: The connection to the subscription is disconnected and it will be reopen asap


TimeStamp: 2018-04-27 17:20:50.5846
Level: INFO
Title: Connection is reopen. Running monitoring


TimeStamp: 2018-04-27 17:20:53.9898
Level: INFO
Title: The connection to the subscription is disconnected and it will be reopen asap


TimeStamp: 2018-04-27 17:20:54.3531
Level: INFO
Title: Connection is reopen. Running monitoring


TimeStamp: 2018-04-27 17:21:50.5939
Level: INFO
Title: The connection to the subscription is disconnected and it will be reopen asap


TimeStamp: 2018-04-27 17:21:51.0782
Level: INFO
Title: Connection is reopen. Running monitoring


TimeStamp: 2018-04-27 17:21:54.3352
Level: INFO
Title: The connection to the subscription is disconnected and it will be reopen asap


TimeStamp: 2018-04-27 17:21:54.6977
Level: INFO
Title: Connection is reopen. Running monitoring


TimeStamp: 2018-04-27 17:22:50.9942
Level: INFO
Title: The connection to the subscription is disconnected and it will be reopen asap


TimeStamp: 2018-04-27 17:22:51.3833
Level: INFO
Title: Connection is reopen. Running monitoring


TimeStamp: 2018-04-27 17:22:54.6959
Level: INFO
Title: The connection to the subscription is disconnected and it will be reopen asap


TimeStamp: 2018-04-27 17:22:55.0545
Level: INFO
Title: Connection is reopen. Running monitoring


TimeStamp: 2018-04-27 17:23:51.3933
Level: INFO
Title: The connection to the subscription is disconnected and it will be reopen asap


TimeStamp: 2018-04-27 17:23:51.7758
Level: INFO
Title: Connection is reopen. Running monitoring


TimeStamp: 2018-04-27 17:23:55.0397
Level: INFO
Title: The connection to the subscription is disconnected and it will be reopen asap


TimeStamp: 2018-04-27 17:23:55.3906
Level: INFO
Title: Connection is reopen. Running monitoring


TimeStamp: 2018-04-27 17:24:51.7849
Level: INFO
Title: The connection to the subscription is disconnected and it will be reopen asap


TimeStamp: 2018-04-27 17:24:52.1679
Level: INFO
Title: Connection is reopen. Running monitoring


TimeStamp: 2018-04-27 17:24:55.3837
Level: INFO
Title: The connection to the subscription is disconnected and it will be reopen asap


TimeStamp: 2018-04-27 17:24:55.7294
Level: INFO
Title: Connection is reopen. Running monitoring


TimeStamp: 2018-04-27 17:25:52.1784
Level: INFO
Title: The connection to the subscription is disconnected and it will be reopen asap


TimeStamp: 2018-04-27 17:25:52.5602
Level: INFO
Title: Connection is reopen. Running monitoring


TimeStamp: 2018-04-27 17:25:55.7302
Level: INFO
Title: The connection to the subscription is disconnected and it will be reopen asap


TimeStamp: 2018-04-27 17:25:56.0960
Level: INFO
Title: Connection is reopen. Running monitoring


TimeStamp: 2018-04-27 17:26:52.5733
Level: INFO
Title: The connection to the subscription is disconnected and it will be reopen asap


TimeStamp: 2018-04-27 17:26:52.9557
Level: INFO
Title: Connection is reopen. Running monitoring


TimeStamp: 2018-04-27 17:26:56.0980
Level: INFO
Title: The connection to the subscription is disconnected and it will be reopen asap


TimeStamp: 2018-04-27 17:26:56.4563
Level: INFO
Title: Connection is reopen. Running monitoring


TimeStamp: 2018-04-27 17:27:52.9612
Level: INFO
Title: The connection to the subscription is disconnected and it will be reopen asap


TimeStamp: 2018-04-27 17:27:53.3732
Level: INFO
Title: Connection is reopen. Running monitoring


TimeStamp: 2018-04-27 17:27:56.4487
Level: INFO
Title: The connection to the subscription is disconnected and it will be reopen asap


TimeStamp: 2018-04-27 17:27:56.8188
Level: INFO
Title: Connection is reopen. Running monitoring


TimeStamp: 2018-04-27 17:28:53.3837
Level: INFO
Title: The connection to the subscription is disconnected and it will be reopen asap


TimeStamp: 2018-04-27 17:28:53.7670
Level: INFO
Title: Connection is reopen. Running monitoring


TimeStamp: 2018-04-27 17:28:56.8085
Level: INFO
Title: The connection to the subscription is disconnected and it will be reopen asap


TimeStamp: 2018-04-27 17:28:57.1579
Level: INFO
Title: Connection is reopen. Running monitoring


TimeStamp: 2018-04-27 17:29:53.7743
Level: INFO
Title: The connection to the subscription is disconnected and it will be reopen asap


TimeStamp: 2018-04-27 17:29:54.1611
Level: INFO
Title: Connection is reopen. Running monitoring


TimeStamp: 2018-04-27 17:29:57.2109
Level: INFO
Title: The connection to the subscription is disconnected and it will be reopen asap


TimeStamp: 2018-04-27 17:29:57.5747
Level: INFO
Title: Connection is reopen. Running monitoring


TimeStamp: 2018-04-27 17:30:54.1609
Level: INFO
Title: The connection to the subscription is disconnected and it will be reopen asap


TimeStamp: 2018-04-27 17:30:54.5382
Level: INFO
Title: Connection is reopen. Running monitoring


TimeStamp: 2018-04-27 17:30:57.5600
Level: INFO
Title: The connection to the subscription is disconnected and it will be reopen asap


TimeStamp: 2018-04-27 17:30:57.9162
Level: INFO
Title: Connection is reopen. Running monitoring


TimeStamp: 2018-04-27 17:31:54.5433
Level: INFO
Title: The connection to the subscription is disconnected and it will be reopen asap


TimeStamp: 2018-04-27 17:31:54.9274
Level: INFO
Title: Connection is reopen. Running monitoring


TimeStamp: 2018-04-27 17:31:57.9040
Level: INFO
Title: The connection to the subscription is disconnected and it will be reopen asap


TimeStamp: 2018-04-27 17:31:58.2632
Level: INFO
Title: Connection is reopen. Running monitoring


TimeStamp: 2018-04-27 17:32:54.9293
Level: INFO
Title: The connection to the subscription is disconnected and it will be reopen asap


TimeStamp: 2018-04-27 17:32:55.3173
Level: INFO
Title: Connection is reopen. Running monitoring


TimeStamp: 2018-04-27 17:32:58.2496
Level: INFO
Title: The connection to the subscription is disconnected and it will be reopen asap


TimeStamp: 2018-04-27 17:32:58.6056
Level: INFO
Title: Connection is reopen. Running monitoring


TimeStamp: 2018-04-27 17:33:55.3184
Level: INFO
Title: The connection to the subscription is disconnected and it will be reopen asap


TimeStamp: 2018-04-27 17:33:55.7098
Level: INFO
Title: Connection is reopen. Running monitoring


TimeStamp: 2018-04-27 17:33:58.5929
Level: INFO
Title: The connection to the subscription is disconnected and it will be reopen asap


TimeStamp: 2018-04-27 17:33:58.9630
Level: INFO
Title: Connection is reopen. Running monitoring


TimeStamp: 2018-04-27 17:34:55.7243
Level: INFO
Title: The connection to the subscription is disconnected and it will be reopen asap


TimeStamp: 2018-04-27 17:34:56.1129
Level: INFO
Title: Connection is reopen. Running monitoring


TimeStamp: 2018-04-27 17:34:58.9559
Level: INFO
Title: The connection to the subscription is disconnected and it will be reopen asap


TimeStamp: 2018-04-27 17:34:59.3091
Level: INFO
Title: Connection is reopen. Running monitoring


TimeStamp: 2018-04-27 17:35:56.1192
Level: INFO
Title: The connection to the subscription is disconnected and it will be reopen asap


TimeStamp: 2018-04-27 17:35:56.4967
Level: INFO
Title: Connection is reopen. Running monitoring


TimeStamp: 2018-04-27 17:35:59.3027
Level: INFO
Title: The connection to the subscription is disconnected and it will be reopen asap


TimeStamp: 2018-04-27 17:35:59.6661
Level: INFO
Title: Connection is reopen. Running monitoring


TimeStamp: 2018-04-27 17:36:56.5162
Level: INFO
Title: The connection to the subscription is disconnected and it will be reopen asap


TimeStamp: 2018-04-27 17:36:56.9042
Level: INFO
Title: Connection is reopen. Running monitoring


TimeStamp: 2018-04-27 17:36:59.6593
Level: INFO
Title: The connection to the subscription is disconnected and it will be reopen asap


TimeStamp: 2018-04-27 17:37:00.0186
Level: INFO
Title: Connection is reopen. Running monitoring


TimeStamp: 2018-04-27 17:37:56.9044
Level: INFO
Title: The connection to the subscription is disconnected and it will be reopen asap


TimeStamp: 2018-04-27 17:37:57.3149
Level: INFO
Title: Connection is reopen. Running monitoring


TimeStamp: 2018-04-27 17:38:00.0209
Level: INFO
Title: The connection to the subscription is disconnected and it will be reopen asap


TimeStamp: 2018-04-27 17:38:00.3767
Level: INFO
Title: Connection is reopen. Running monitoring


TimeStamp: 2018-04-27 17:38:57.3162
Level: INFO
Title: The connection to the subscription is disconnected and it will be reopen asap


TimeStamp: 2018-04-27 17:38:57.7018
Level: INFO
Title: Connection is reopen. Running monitoring


TimeStamp: 2018-04-27 17:39:00.3631
Level: INFO
Title: The connection to the subscription is disconnected and it will be reopen asap


TimeStamp: 2018-04-27 17:39:00.7225
Level: INFO
Title: Connection is reopen. Running monitoring


TimeStamp: 2018-04-27 17:39:57.7041
Level: INFO
Title: The connection to the subscription is disconnected and it will be reopen asap


TimeStamp: 2018-04-27 17:39:58.0808
Level: INFO
Title: Connection is reopen. Running monitoring


TimeStamp: 2018-04-27 17:40:00.7089
Level: INFO
Title: The connection to the subscription is disconnected and it will be reopen asap


TimeStamp: 2018-04-27 17:40:01.0636
Level: INFO
Title: Connection is reopen. Running monitoring


TimeStamp: 2018-04-27 17:40:58.0814
Level: INFO
Title: The connection to the subscription is disconnected and it will be reopen asap


TimeStamp: 2018-04-27 17:40:58.4776
Level: INFO
Title: Connection is reopen. Running monitoring


TimeStamp: 2018-04-27 17:41:01.0510
Level: INFO
Title: The connection to the subscription is disconnected and it will be reopen asap


TimeStamp: 2018-04-27 17:41:01.4008
Level: INFO
Title: Connection is reopen. Running monitoring


TimeStamp: 2018-04-27 17:41:58.4927
Level: INFO
Title: The connection to the subscription is disconnected and it will be reopen asap


TimeStamp: 2018-04-27 17:41:58.8848
Level: INFO
Title: Connection is reopen. Running monitoring


TimeStamp: 2018-04-27 17:42:01.3958
Level: INFO
Title: The connection to the subscription is disconnected and it will be reopen asap


TimeStamp: 2018-04-27 17:42:01.7448
Level: INFO
Title: Connection is reopen. Running monitoring


TimeStamp: 2018-04-27 17:42:58.8904
Level: INFO
Title: The connection to the subscription is disconnected and it will be reopen asap


TimeStamp: 2018-04-27 17:42:59.2843
Level: INFO
Title: Connection is reopen. Running monitoring


TimeStamp: 2018-04-27 17:43:01.7464
Level: INFO
Title: The connection to the subscription is disconnected and it will be reopen asap


TimeStamp: 2018-04-27 17:43:02.1101
Level: INFO
Title: Connection is reopen. Running monitoring


TimeStamp: 2018-04-27 17:43:59.2802
Level: INFO
Title: The connection to the subscription is disconnected and it will be reopen asap


TimeStamp: 2018-04-27 17:43:59.6727
Level: INFO
Title: Connection is reopen. Running monitoring


TimeStamp: 2018-04-27 17:44:02.1022
Level: INFO
Title: The connection to the subscription is disconnected and it will be reopen asap


TimeStamp: 2018-04-27 17:44:02.4651
Level: INFO
Title: Connection is reopen. Running monitoring


TimeStamp: 2018-04-27 17:44:59.6726
Level: INFO
Title: The connection to the subscription is disconnected and it will be reopen asap


TimeStamp: 2018-04-27 17:45:00.0608
Level: INFO
Title: Connection is reopen. Running monitoring


TimeStamp: 2018-04-27 17:45:02.4610
Level: INFO
Title: The connection to the subscription is disconnected and it will be reopen asap


TimeStamp: 2018-04-27 17:45:02.8107
Level: INFO
Title: Connection is reopen. Running monitoring


TimeStamp: 2018-04-27 17:46:00.0693
Level: INFO
Title: The connection to the subscription is disconnected and it will be reopen asap


TimeStamp: 2018-04-27 17:46:00.4464
Level: INFO
Title: Connection is reopen. Running monitoring


TimeStamp: 2018-04-27 17:46:02.8049
Level: INFO
Title: The connection to the subscription is disconnected and it will be reopen asap


TimeStamp: 2018-04-27 17:46:03.1593
Level: INFO
Title: Connection is reopen. Running monitoring


TimeStamp: 2018-04-27 17:47:00.4531
Level: INFO
Title: The connection to the subscription is disconnected and it will be reopen asap


TimeStamp: 2018-04-27 17:47:00.8631
Level: INFO
Title: Connection is reopen. Running monitoring


TimeStamp: 2018-04-27 17:47:03.1489
Level: INFO
Title: The connection to the subscription is disconnected and it will be reopen asap


TimeStamp: 2018-04-27 17:47:03.5588
Level: INFO
Title: Connection is reopen. Running monitoring


TimeStamp: 2018-04-27 17:48:00.8628
Level: INFO
Title: The connection to the subscription is disconnected and it will be reopen asap


TimeStamp: 2018-04-27 17:48:01.2472
Level: INFO
Title: Connection is reopen. Running monitoring


TimeStamp: 2018-04-27 17:48:03.5412
Level: INFO
Title: The connection to the subscription is disconnected and it will be reopen asap


TimeStamp: 2018-04-27 17:48:03.8936
Level: INFO
Title: Connection is reopen. Running monitoring


TimeStamp: 2018-04-27 17:49:01.2565
Level: INFO
Title: The connection to the subscription is disconnected and it will be reopen asap


TimeStamp: 2018-04-27 17:49:01.6466
Level: INFO
Title: Connection is reopen. Running monitoring


TimeStamp: 2018-04-27 17:49:03.8858
Level: INFO
Title: The connection to the subscription is disconnected and it will be reopen asap


TimeStamp: 2018-04-27 17:49:04.2530
Level: INFO
Title: Connection is reopen. Running monitoring


TimeStamp: 2018-04-27 17:50:01.6622
Level: INFO
Title: The connection to the subscription is disconnected and it will be reopen asap


TimeStamp: 2018-04-27 17:50:02.0468
Level: INFO
Title: Connection is reopen. Running monitoring


TimeStamp: 2018-04-27 17:50:04.2464
Level: INFO
Title: The connection to the subscription is disconnected and it will be reopen asap


TimeStamp: 2018-04-27 17:50:04.6008
Level: INFO
Title: Connection is reopen. Running monitoring


TimeStamp: 2018-04-27 17:51:02.0600
Level: INFO
Title: The connection to the subscription is disconnected and it will be reopen asap


TimeStamp: 2018-04-27 17:51:02.4414
Level: INFO
Title: Connection is reopen. Running monitoring


TimeStamp: 2018-04-27 17:51:05.3042
Level: INFO
Title: The connection to the subscription is disconnected and it will be reopen asap


TimeStamp: 2018-04-27 17:51:05.6674
Level: INFO
Title: Connection is reopen. Running monitoring


TimeStamp: 2018-04-27 17:52:02.4428
Level: INFO
Title: The connection to the subscription is disconnected and it will be reopen asap


TimeStamp: 2018-04-27 17:52:02.8210
Level: INFO
Title: Connection is reopen. Running monitoring


TimeStamp: 2018-04-27 17:52:05.6558
Level: INFO
Title: The connection to the subscription is disconnected and it will be reopen asap


TimeStamp: 2018-04-27 17:52:06.0119
Level: INFO
Title: Connection is reopen. Running monitoring


TimeStamp: 2018-04-27 17:53:02.8352
Level: INFO
Title: The connection to the subscription is disconnected and it will be reopen asap


TimeStamp: 2018-04-27 17:53:03.2287
Level: INFO
Title: Connection is reopen. Running monitoring


TimeStamp: 2018-04-27 17:53:05.9976
Level: INFO
Title: The connection to the subscription is disconnected and it will be reopen asap


TimeStamp: 2018-04-27 17:53:06.3589
Level: INFO
Title: Connection is reopen. Running monitoring


TimeStamp: 2018-04-27 17:54:03.2316
Level: INFO
Title: The connection to the subscription is disconnected and it will be reopen asap


TimeStamp: 2018-04-27 17:54:03.6175
Level: INFO
Title: Connection is reopen. Running monitoring


TimeStamp: 2018-04-27 17:54:06.3576
Level: INFO
Title: The connection to the subscription is disconnected and it will be reopen asap


TimeStamp: 2018-04-27 17:54:06.7204
Level: INFO
Title: Connection is reopen. Running monitoring


TimeStamp: 2018-04-27 17:55:03.6241
Level: INFO
Title: The connection to the subscription is disconnected and it will be reopen asap


TimeStamp: 2018-04-27 17:55:04.0292
Level: INFO
Title: Connection is reopen. Running monitoring


TimeStamp: 2018-04-27 17:55:06.7248
Level: INFO
Title: The connection to the subscription is disconnected and it will be reopen asap


TimeStamp: 2018-04-27 17:55:07.0936
Level: INFO
Title: Connection is reopen. Running monitoring


TimeStamp: 2018-04-27 17:56:04.0414
Level: INFO
Title: The connection to the subscription is disconnected and it will be reopen asap


TimeStamp: 2018-04-27 17:56:04.4142
Level: INFO
Title: Connection is reopen. Running monitoring


TimeStamp: 2018-04-27 17:56:07.0944
Level: INFO
Title: The connection to the subscription is disconnected and it will be reopen asap


TimeStamp: 2018-04-27 17:56:07.4633
Level: INFO
Title: Connection is reopen. Running monitoring


TimeStamp: 2018-04-27 17:57:04.4267
Level: INFO
Title: The connection to the subscription is disconnected and it will be reopen asap


TimeStamp: 2018-04-27 17:57:04.8475
Level: INFO
Title: Connection is reopen. Running monitoring


TimeStamp: 2018-04-27 17:57:07.4539
Level: INFO
Title: The connection to the subscription is disconnected and it will be reopen asap


TimeStamp: 2018-04-27 17:57:07.8042
Level: INFO
Title: Connection is reopen. Running monitoring


TimeStamp: 2018-04-27 17:58:04.8366
Level: INFO
Title: The connection to the subscription is disconnected and it will be reopen asap


TimeStamp: 2018-04-27 17:58:05.2164
Level: INFO
Title: Connection is reopen. Running monitoring


TimeStamp: 2018-04-27 17:58:07.7976
Level: INFO
Title: The connection to the subscription is disconnected and it will be reopen asap


TimeStamp: 2018-04-27 17:58:08.1510
Level: INFO
Title: Connection is reopen. Running monitoring


TimeStamp: 2018-04-27 17:59:05.2171
Level: INFO
Title: The connection to the subscription is disconnected and it will be reopen asap


TimeStamp: 2018-04-27 17:59:05.5928
Level: INFO
Title: Connection is reopen. Running monitoring


TimeStamp: 2018-04-27 17:59:08.1463
Level: INFO
Title: The connection to the subscription is disconnected and it will be reopen asap


TimeStamp: 2018-04-27 17:59:08.5070
Level: INFO
Title: Connection is reopen. Running monitoring


TimeStamp: 2018-04-27 18:00:05.6055
Level: INFO
Title: The connection to the subscription is disconnected and it will be reopen asap


TimeStamp: 2018-04-27 18:00:05.9901
Level: INFO
Title: Connection is reopen. Running monitoring


TimeStamp: 2018-04-27 18:00:08.5177
Level: INFO
Title: The connection to the subscription is disconnected and it will be reopen asap


TimeStamp: 2018-04-27 18:00:08.8732
Level: INFO
Title: Connection is reopen. Running monitoring


TimeStamp: 2018-04-27 18:01:05.9869
Level: INFO
Title: The connection to the subscription is disconnected and it will be reopen asap


TimeStamp: 2018-04-27 18:01:06.3695
Level: INFO
Title: Connection is reopen. Running monitoring


TimeStamp: 2018-04-27 18:01:08.8624
Level: INFO
Title: The connection to the subscription is disconnected and it will be reopen asap


TimeStamp: 2018-04-27 18:01:09.2244
Level: INFO
Title: Connection is reopen. Running monitoring


TimeStamp: 2018-04-27 18:02:06.3741
Level: INFO
Title: The connection to the subscription is disconnected and it will be reopen asap


TimeStamp: 2018-04-27 18:02:06.7524
Level: INFO
Title: Connection is reopen. Running monitoring


TimeStamp: 2018-04-27 18:02:09.2116
Level: INFO
Title: The connection to the subscription is disconnected and it will be reopen asap


TimeStamp: 2018-04-27 18:02:09.5762
Level: INFO
Title: Connection is reopen. Running monitoring


TimeStamp: 2018-04-27 18:03:06.7624
Level: INFO
Title: The connection to the subscription is disconnected and it will be reopen asap


TimeStamp: 2018-04-27 18:03:07.1513
Level: INFO
Title: Connection is reopen. Running monitoring


TimeStamp: 2018-04-27 18:03:09.5668
Level: INFO
Title: The connection to the subscription is disconnected and it will be reopen asap


TimeStamp: 2018-04-27 18:03:09.9173
Level: INFO
Title: Connection is reopen. Running monitoring


TimeStamp: 2018-04-27 18:04:07.1614
Level: INFO
Title: The connection to the subscription is disconnected and it will be reopen asap


TimeStamp: 2018-04-27 18:04:07.5921
Level: INFO
Title: Connection is reopen. Running monitoring


TimeStamp: 2018-04-27 18:04:09.9114
Level: INFO
Title: The connection to the subscription is disconnected and it will be reopen asap


TimeStamp: 2018-04-27 18:04:10.2849
Level: INFO
Title: Connection is reopen. Running monitoring


TimeStamp: 2018-04-27 18:05:07.5956
Level: INFO
Title: The connection to the subscription is disconnected and it will be reopen asap


TimeStamp: 2018-04-27 18:05:08.0055
Level: INFO
Title: Connection is reopen. Running monitoring


TimeStamp: 2018-04-27 18:05:10.2715
Level: INFO
Title: The connection to the subscription is disconnected and it will be reopen asap


TimeStamp: 2018-04-27 18:05:10.6276
Level: INFO
Title: Connection is reopen. Running monitoring


TimeStamp: 2018-04-27 18:06:08.0203
Level: INFO
Title: The connection to the subscription is disconnected and it will be reopen asap


TimeStamp: 2018-04-27 18:06:08.4070
Level: INFO
Title: Connection is reopen. Running monitoring


TimeStamp: 2018-04-27 18:06:10.6277
Level: INFO
Title: The connection to the subscription is disconnected and it will be reopen asap


TimeStamp: 2018-04-27 18:06:10.9893
Level: INFO
Title: Connection is reopen. Running monitoring


TimeStamp: 2018-04-27 18:07:08.4126
Level: INFO
Title: The connection to the subscription is disconnected and it will be reopen asap


TimeStamp: 2018-04-27 18:07:08.7906
Level: INFO
Title: Connection is reopen. Running monitoring


TimeStamp: 2018-04-27 18:07:10.9765
Level: INFO
Title: The connection to the subscription is disconnected and it will be reopen asap


TimeStamp: 2018-04-27 18:07:11.3372
Level: INFO
Title: Connection is reopen. Running monitoring


