TimeStamp: 2018-05-09 15:19:57.0280
Level: INFO
Title: start windows service.


TimeStamp: 2018-05-09 15:22:24.1102
Level: INFO
Title: start windows service.


TimeStamp: 2018-05-09 15:22:24.1507
Level: INFO
Title: start connecting frank@comm100.com...


TimeStamp: 2018-05-09 15:22:24.1507
Level: INFO
Title: start connecting ares@comm100.com...


TimeStamp: 2018-05-09 15:23:46.0675
Level: INFO
Title: start windows service.


TimeStamp: 2018-05-09 15:24:07.2277
Level: INFO
Title: StreamSubscription event: 
1: Notification Event
2: Notification Error
3: Disconnection


TimeStamp: 2018-05-09 15:24:07.4146
Level: INFO
Title: StreamSubscription event: 
1: Notification Event
2: Notification Error
3: Disconnection


TimeStamp: 2018-05-09 15:25:07.2314
Level: INFO
Title: The connection to the subscription is disconnected and it will be reopen asap


TimeStamp: 2018-05-09 15:25:07.2474
Level: INFO
Title: The connection to the subscription is disconnected and it will be reopen asap


TimeStamp: 2018-05-09 15:25:07.6358
Level: INFO
Title: Connection is reopen. Running monitoring


TimeStamp: 2018-05-09 15:25:07.6829
Level: INFO
Title: Connection is reopen. Running monitoring


TimeStamp: 2018-05-09 15:26:07.6494
Level: INFO
Title: The connection to the subscription is disconnected and it will be reopen asap


TimeStamp: 2018-05-09 15:26:07.6725
Level: INFO
Title: The connection to the subscription is disconnected and it will be reopen asap


TimeStamp: 2018-05-09 15:26:08.6608
Level: INFO
Title: Connection is reopen. Running monitoring


TimeStamp: 2018-05-09 15:26:10.8404
Level: INFO
Title: Connection is reopen. Running monitoring


TimeStamp: 2018-05-09 15:27:08.6655
Level: INFO
Title: The connection to the subscription is disconnected and it will be reopen asap


TimeStamp: 2018-05-09 15:27:09.3513
Level: INFO
Title: <html xmlns:v="urn:schemas-microsoft-com:vml" xmlns:o="urn:schemas-microsoft-com:office:office" xmlns:w="urn:schemas-microsoft-com:office:word" xmlns:m="http://schemas.microsoft.com/office/2004/12/omml" xmlns="http://www.w3.org/TR/REC-html40">
<head>
<meta http-equiv="Content-Type" content="text/html; charset=utf-8">
<meta name="Generator" content="Microsoft Word 15 (filtered medium)">
<style><!--
/* Font Definitions */
@font-face
	{font-family:SimSun;
	panose-1:2 1 6 0 3 1 1 1 1 1;}
@font-face
	{font-family:"Cambria Math";
	panose-1:2 4 5 3 5 4 6 3 2 4;}
@font-face
	{font-family:Calibri;
	panose-1:2 15 5 2 2 2 4 3 2 4;}
@font-face
	{font-family:DengXian;
	panose-1:2 1 6 0 3 1 1 1 1 1;}
@font-face
	{font-family:"\@SimSun";
	panose-1:2 1 6 0 3 1 1 1 1 1;}
@font-face
	{font-family:"\@DengXian";
	panose-1:2 1 6 0 3 1 1 1 1 1;}
@font-face
	{font-family:"Microsoft YaHei";
	panose-1:2 11 5 3 2 2 4 2 2 4;}
@font-face
	{font-family:"\@Microsoft YaHei";
	panose-1:2 11 5 3 2 2 4 2 2 4;}
@font-face
	{font-family:"Segoe UI";
	panose-1:2 11 5 2 4 2 4 2 2 3;}
/* Style Definitions */
p.MsoNormal, li.MsoNormal, div.MsoNormal
	{margin:0in;
	margin-bottom:.0001pt;
	font-size:11.0pt;
	font-family:"Calibri",sans-serif;}
a:link, span.MsoHyperlink
	{mso-style-priority:99;
	color:#0563C1;
	text-decoration:underline;}
a:visited, span.MsoHyperlinkFollowed
	{mso-style-priority:99;
	color:#954F72;
	text-decoration:underline;}
p.msonormal0, li.msonormal0, div.msonormal0
	{mso-style-name:msonormal;
	mso-margin-top-alt:auto;
	margin-right:0in;
	mso-margin-bottom-alt:auto;
	margin-left:0in;
	font-size:12.0pt;
	font-family:SimSun;}
span.EmailStyle18
	{mso-style-type:personal;
	font-family:"Calibri",sans-serif;
	color:windowtext;}
span.EmailStyle19
	{mso-style-type:personal;
	font-family:"Calibri",sans-serif;
	color:#1F497D;}
span.EmailStyle20
	{mso-style-type:personal;
	font-family:"Calibri",sans-serif;
	color:#1F497D;}
span.EmailStyle21
	{mso-style-type:personal;
	font-family:"Calibri",sans-serif;
	color:#1F497D;}
span.EmailStyle22
	{mso-style-type:personal;
	font-family:"Calibri",sans-serif;
	color:#1F497D;}
span.EmailStyle23
	{mso-style-type:personal;
	font-family:"Calibri",sans-serif;
	color:#1F497D;}
span.EmailStyle24
	{mso-style-type:personal;
	font-family:"Calibri",sans-serif;
	color:#1F497D;}
span.EmailStyle25
	{mso-style-type:personal;
	font-family:"Segoe UI",sans-serif;
	color:#1F497D;}
span.EmailStyle26
	{mso-style-type:personal;
	font-family:"Calibri",sans-serif;
	color:#1F497D;}
span.EmailStyle27
	{mso-style-type:personal;
	font-family:"Calibri",sans-serif;
	color:#1F497D;}
span.EmailStyle28
	{mso-style-type:personal-reply;
	font-family:"Calibri",sans-serif;
	color:#1F497D;}
.MsoChpDefault
	{mso-style-type:export-only;
	font-size:10.0pt;}
@page WordSection1
	{size:8.5in 11.0in;
	margin:1.0in 1.0in 1.0in 1.0in;}
div.WordSection1
	{page:WordSection1;}
--></style><!--[if gte mso 9]><xml>
<o:shapedefaults v:ext="edit" spidmax="1026" />
</xml><![endif]--><!--[if gte mso 9]><xml>
<o:shapelayout v:ext="edit">
<o:idmap v:ext="edit" data="1" />
</o:shapelayout></xml><![endif]-->
</head>
<body lang="EN-US" link="#0563C1" vlink="#954F72">
<div class="WordSection1">
<p class="MsoNormal"><span style="color:#1F497D"><o:p>&nbsp;</o:p></span></p>
<p class="MsoNormal"><span lang="ZH-CN" style="font-family:SimSun;color:#1F497D">????????,???</span><span style="color:#1F497D">config option</span><span lang="ZH-CN" style="font-family:SimSun;color:#1F497D">??????,??????????</span><span style="color:#1F497D"><o:p></o:p></span></p>
<p class="MsoNormal"><span lang="ZH-CN" style="font-family:SimSun;color:#1F497D">????</span><span style="color:#1F497D">@Mark</span><span lang="ZH-CN" style="font-family:SimSun;color:#1F497D">,??????,?????????????????</span><span style="color:#1F497D"><o:p></o:p></span></p>
<p class="MsoNormal"><span style="color:#1F497D"><o:p>&nbsp;</o:p></span></p>
<p class="MsoNormal"><span style="color:#1F497D">@Henry</span><span lang="ZH-CN" style="font-family:SimSun;color:#1F497D">,????????</span><span style="color:#1F497D">Mark</span><span lang="ZH-CN" style="font-family:SimSun;color:#1F497D">???????????</span><span style="color:#1F497D"><o:p></o:p></span></p>
<p class="MsoNormal"><span style="color:#1F497D"><o:p>&nbsp;</o:p></span></p>
<p class="MsoNormal"><span style="color:#1F497D">Jason<o:p></o:p></span></p>
<p class="MsoNormal"><span style="color:#1F497D"><o:p>&nbsp;</o:p></span></p>
<p class="MsoNormal"><span style="color:#1F497D"><o:p>&nbsp;</o:p></span></p>
<div>
<div style="border:none;border-top:solid #E1E1E1 1.0pt;padding:3.0pt 0in 0in 0in">
<p class="MsoNormal"><b>From:</b> Jamie Liu <br>
<b>Sent:</b> Wednesday, May 9, 2018 3:06 PM<br>
<b>To:</b> Henry Ma &lt;henry@comm100.com&gt;; Mark Hong &lt;mark@comm100.com&gt;; Jabin &lt;Jabin@comm100.com&gt;; Jason Shen &lt;Jason.Shen@comm100.com&gt;<br>
<b>Cc:</b> RandD &lt;RandD@comm100.com&gt;; Kelly Chen &lt;kelly.chen@comm100.com&gt;<br>
<b>Subject:</b> RE: <span lang="ZH-CN" style="font-family:SimSun">???????????</span><o:p></o:p></p>
</div>
</div>
<p class="MsoNormal"><o:p>&nbsp;</o:p></p>
<p class="MsoNormal"><span style="color:#1F497D">Jason,<o:p></o:p></span></p>
<p class="MsoNormal"><span style="color:#1F497D"><o:p>&nbsp;</o:p></span></p>
<p class="MsoNormal"><span lang="ZH-CN" style="font-family:DengXian;color:#1F497D">?????????,????????,??????????????????????,?????</span><span style="color:#1F497D">service center</span><span lang="ZH-CN" style="font-family:DengXian;color:#1F497D">???????????????????,????????????,???????????????</span><span style="color:#1F497D">Mark</span><span lang="ZH-CN" style="font-family:DengXian;color:#1F497D">?,????????,?????????</span><span style="color:#1F497D"><o:p></o:p></span></p>
<p class="MsoNormal"><span style="color:#1F497D"><o:p>&nbsp;</o:p></span></p>
<p class="MsoNormal"><span lang="ZH-CN" style="font-family:DengXian;color:#1F497D">??????????????????</span><span style="color:#1F497D"><o:p></o:p></span></p>
<p class="MsoNormal"><span style="color:#1F497D"><o:p>&nbsp;</o:p></span></p>
<p class="MsoNormal"><span lang="ZH-CN" style="font-family:DengXian;color:#1F497D">??,???????????,?????????????,?????,?????????,???????</span><span style="color:#1F497D"><o:p></o:p></span></p>
<p class="MsoNormal"><span style="color:#1F497D"><o:p>&nbsp;</o:p></span></p>
<p class="MsoNormal"><span style="color:#1F497D">Regards,<o:p></o:p></span></p>
<p class="MsoNormal"><span style="color:#1F497D">Jamie<o:p></o:p></span></p>
<p class="MsoNormal"><span style="color:#1F497D"><o:p>&nbsp;</o:p></span></p>
<div>
<div style="border:none;border-top:solid #E1E1E1 1.0pt;padding:3.0pt 0in 0in 0in">
<p class="MsoNormal"><b>From:</b> Jamie Liu <br>
<b>Sent:</b> Tuesday, May 8, 2018 3:00 AM<br>
<b>To:</b> Henry Ma &lt;<a href="mailto:henry@comm100.com">henry@comm100.com</a>&gt;; Mark Hong &lt;<a href="mailto:mark@comm100.com">mark@comm100.com</a>&gt;; Jabin &lt;<a href="mailto:Jabin@comm100.com">Jabin@comm100.com</a>&gt;<br>
<b>Cc:</b> RandD &lt;<a href="mailto:RandD@comm100.com">RandD@comm100.com</a>&gt;; Kelly Chen &lt;<a href="mailto:kelly@comm100.com">kelly@comm100.com</a>&gt;<br>
<b>Subject:</b> RE: <span lang="ZH-CN" style="font-family:SimSun">???????????</span><o:p></o:p></p>
</div>
</div>
<p class="MsoNormal"><o:p>&nbsp;</o:p></p>
<p class="MsoNormal"><span style="color:#1F497D">Jabin,<o:p></o:p></span></p>
<p class="MsoNormal"><span style="color:#1F497D"><o:p>&nbsp;</o:p></span></p>
<p class="MsoNormal"><span lang="ZH-CN" style="font-family:DengXian;color:#1F497D">??</span><span style="color:#1F497D">1</span><span lang="ZH-CN" style="font-family:DengXian;color:#1F497D">??????????,??</span><span style="color:#1F497D">2</span><span lang="ZH-CN" style="font-family:DengXian;color:#1F497D">?????????,??</span><span style="color:#1F497D">3</span><span lang="ZH-CN" style="font-family:DengXian;color:#1F497D">???????????????,??</span><span style="color:#1F497D">4</span><span lang="ZH-CN" style="font-family:DengXian;color:#1F497D">?????????</span><span style="color:#1F497D"><o:p></o:p></span></p>
<p class="MsoNormal"><span style="color:#1F497D"><o:p>&nbsp;</o:p></span></p>
<p class="MsoNormal"><span lang="ZH-CN" style="font-family:DengXian;color:#1F497D">????????</span><span style="color:#1F497D"><o:p></o:p></span></p>
<p class="MsoNormal"><span style="color:#1F497D"><o:p>&nbsp;</o:p></span></p>
<p class="MsoNormal"><span style="color:#1F497D">Regards,<o:p></o:p></span></p>
<p class="MsoNormal"><span style="color:#1F497D">Jamie<o:p></o:p></span></p>
<p class="MsoNormal"><span style="color:#1F497D"><o:p>&nbsp;</o:p></span></p>
<div>
<div style="border:none;border-top:solid #E1E1E1 1.0pt;padding:3.0pt 0in 0in 0in">
<p class="MsoNormal"><b>From:</b> Henry Ma <br>
<b>Sent:</b> Monday, May 7, 2018 8:41 PM<br>
<b>To:</b> Mark Hong &lt;<a href="mailto:mark@comm100.com">mark@comm100.com</a>&gt;; Jamie Liu &lt;<a href="mailto:Jamie@comm100.com">Jamie@comm100.com</a>&gt;; Jabin &lt;<a href="mailto:Jabin@comm100.com">Jabin@comm100.com</a>&gt;<br>
<b>Cc:</b> RandD &lt;<a href="mailto:RandD@comm100.com">RandD@comm100.com</a>&gt;; Kelly Chen &lt;<a href="mailto:kelly@comm100.com">kelly@comm100.com</a>&gt;<br>
<b>Subject:</b> RE: <span lang="ZH-CN" style="font-family:SimSun">???????????</span><o:p></o:p></p>
</div>
</div>
<p class="MsoNormal"><o:p>&nbsp;</o:p></p>
<p class="MsoNormal"><span style="font-family:&quot;Segoe UI&quot;,sans-serif;color:#1F497D">Mark,
</span><span lang="ZH-CN" style="font-family:&quot;Microsoft YaHei&quot;,sans-serif;color:#1F497D">???</span><span lang="ZH-CN" style="font-family:&quot;Segoe UI&quot;,sans-serif;color:#1F497D">
</span><a href="mailto:jabin@comm100.com" id="OWAAM24C1343C4C0C4330B7C88C49A65966D3"><span style="font-family:&quot;Segoe UI&quot;,sans-serif;text-decoration:none">@Jabin</span></a><span lang="ZH-CN" style="font-family:&quot;Microsoft YaHei&quot;,sans-serif;color:#1F497D">???</span><span style="font-family:&quot;Segoe UI&quot;,sans-serif;color:#1F497D"><o:p></o:p></span></p>
<p class="MsoNormal"><span style="font-family:&quot;Segoe UI&quot;,sans-serif;color:#1F497D"><o:p>&nbsp;</o:p></span></p>
<div>
<p class="MsoNormal"><span style="font-family:&quot;Segoe UI&quot;,sans-serif;color:#1F497D"><o:p>&nbsp;</o:p></span></p>
<p class="MsoNormal"><span style="font-family:&quot;Segoe UI&quot;,sans-serif;color:#1F497D">Henry<o:p></o:p></span></p>
</div>
<p class="MsoNormal"><span style="font-family:&quot;Segoe UI&quot;,sans-serif;color:#1F497D"><o:p>&nbsp;</o:p></span></p>
<div>
<div style="border:none;border-top:solid #E1E1E1 1.0pt;padding:3.0pt 0in 0in 0in">
<p class="MsoNormal"><b>From:</b> Mark Hong <br>
<b>Sent:</b> Tuesday, May 8, 2018 11:27 AM<br>
<b>To:</b> Jamie Liu &lt;<a href="mailto:Jamie@comm100.com">Jamie@comm100.com</a>&gt;<br>
<b>Cc:</b> Henry Ma &lt;<a href="mailto:henry@comm100.com">henry@comm100.com</a>&gt;; RandD &lt;<a href="mailto:RandD@comm100.com">RandD@comm100.com</a>&gt;; Kelly Chen &lt;<a href="mailto:kelly@comm100.com">kelly@comm100.com</a>&gt;<br>
<b>Subject:</b> RE: <span lang="ZH-CN" style="font-family:SimSun">???????????</span><o:p></o:p></p>
</div>
</div>
<p class="MsoNormal"><o:p>&nbsp;</o:p></p>
<p class="MsoNormal"><span lang="ZH-CN" style="font-family:DengXian;color:#1F497D">????????,???????????????</span><span style="color:#1F497D"><o:p></o:p></span></p>
<p class="MsoNormal"><span style="color:#1F497D"><o:p>&nbsp;</o:p></span></p>
<p class="MsoNormal"><span style="color:#1F497D">Mark<o:p></o:p></span></p>
<p class="MsoNormal"><span style="color:#1F497D"><o:p>&nbsp;</o:p></span></p>
<div>
<div style="border:none;border-top:solid #E1E1E1 1.0pt;padding:3.0pt 0in 0in 0in">
<p class="MsoNormal"><b>From:</b> Jamie Liu <br>
<b>Sent:</b> Monday, May 7, 2018 17:44<br>
<b>To:</b> Mark Hong &lt;<a href="mailto:mark@comm100.com">mark@comm100.com</a>&gt;<br>
<b>Cc:</b> Henry Ma &lt;<a href="mailto:henry@comm100.com">henry@comm100.com</a>&gt;; RandD &lt;<a href="mailto:RandD@comm100.com">RandD@comm100.com</a>&gt;; Kelly Chen &lt;<a href="mailto:kelly@comm100.com">kelly@comm100.com</a>&gt;<br>
<b>Subject:</b> RE: <span lang="ZH-CN" style="font-family:SimSun">???????????</span><o:p></o:p></p>
</div>
</div>
<p class="MsoNormal"><o:p>&nbsp;</o:p></p>
<p class="MsoNormal"><span style="color:#1F497D">Hi Mark,<o:p></o:p></span></p>
<p class="MsoNormal"><span style="color:#1F497D"><o:p>&nbsp;</o:p></span></p>
<p class="MsoNormal"><span lang="ZH-CN" style="font-family:DengXian;color:#1F497D">?????????????????</span><span style="color:#1F497D">Jeff Epstein</span><span lang="ZH-CN" style="font-family:DengXian;color:#1F497D">??????,??????????</span><span lang="ZH-CN" style="color:#1F497D">
</span><span lang="ZH-CN" style="font-family:DengXian;color:#1F497D">?????</span><span style="color:#1F497D">Thanks.<o:p></o:p></span></p>
<p class="MsoNormal"><span style="color:#1F497D"><o:p>&nbsp;</o:p></span></p>
<p class="MsoNormal"><span style="color:#1F497D">Add Kelly in the loop.<o:p></o:p></span></p>
<p class="MsoNormal"><span style="color:#1F497D"><o:p>&nbsp;</o:p></span></p>
<p class="MsoNormal"><span style="color:#1F497D">Regards,<o:p></o:p></span></p>
<p class="MsoNormal"><span style="color:#1F497D">Jamie<o:p></o:p></span></p>
<p class="MsoNormal"><span style="color:#1F497D"><o:p>&nbsp;</o:p></span></p>
<div>
<div style="border:none;border-top:solid #E1E1E1 1.0pt;padding:3.0pt 0in 0in 0in">
<p class="MsoNormal"><b>From:</b> Jamie Liu <br>
<b>Sent:</b> Friday, January 19, 2018 8:00 AM<br>
<b>To:</b> Mark Hong &lt;<a href="mailto:mark@comm100.com">mark@comm100.com</a>&gt;<br>
<b>Cc:</b> Henry Ma &lt;<a href="mailto:henry@comm100.com">henry@comm100.com</a>&gt;; RandD &lt;<a href="mailto:RandD@comm100.com">RandD@comm100.com</a>&gt;<br>
<b>Subject:</b> RE: <span lang="ZH-CN" style="font-family:SimSun">???????????</span><o:p></o:p></p>
</div>
</div>
<p class="MsoNormal"><o:p>&nbsp;</o:p></p>
<p class="MsoNormal"><span style="color:#1F497D">Hi Mark,<o:p></o:p></span></p>
<p class="MsoNormal"><span style="color:#1F497D"><o:p>&nbsp;</o:p></span></p>
<p class="MsoNormal"><span lang="ZH-CN" style="font-family:SimSun;color:#1F497D">????????????????????,?????</span><span style="color:#1F497D">2</span><span lang="ZH-CN" style="font-family:SimSun;color:#1F497D">?</span><span style="color:#1F497D">1</span><span lang="ZH-CN" style="font-family:SimSun;color:#1F497D">????????</span><span style="color:#1F497D">benchmark
 report</span><span lang="ZH-CN" style="font-family:SimSun;color:#1F497D">????????</span><span style="color:#1F497D"><o:p></o:p></span></p>
<p class="MsoNormal"><span style="color:#1F497D"><o:p>&nbsp;</o:p></span></p>
<p class="MsoNormal"><span style="color:#1F497D"><o:p>&nbsp;</o:p></span></p>
<p class="MsoNormal"><span style="color:#1F497D">Regards,<o:p></o:p></span></p>
<p class="MsoNormal"><span style="color:#1F497D">Jamie<o:p></o:p></span></p>
<p class="MsoNormal"><span style="color:#1F497D"><o:p>&nbsp;</o:p></span></p>
<p class="MsoNormal"><span style="color:#1F497D"><o:p>&nbsp;</o:p></span></p>
<p class="MsoNormal"><span style="color:#1F497D"><o:p>&nbsp;</o:p></span></p>
<div>
<div style="border:none;border-top:solid #E1E1E1 1.0pt;padding:3.0pt 0in 0in 0in">
<p class="MsoNormal"><b>From:</b> Mark Hong <br>
<b>Sent:</b> Wednesday, January 17, 2018 2:23 PM<br>
<b>To:</b> Jamie Liu &lt;<a href="mailto:Jamie@comm100.com">Jamie@comm100.com</a>&gt;; Molly Liu &lt;<a href="mailto:Molly@comm100.com">Molly@comm100.com</a>&gt;<br>
<b>Subject:</b> RE: <span lang="ZH-CN" style="font-family:SimSun">???????????</span><o:p></o:p></p>
</div>
</div>
<p class="MsoNormal"><o:p>&nbsp;</o:p></p>
<p class="MsoNormal"><span lang="ZH-CN" style="font-family:DengXian;color:#1F497D">????????????</span><span style="color:#1F497D">cc</span><span lang="ZH-CN" style="font-family:DengXian;color:#1F497D">:</span><span style="color:#1F497D">henry</span><span lang="ZH-CN" style="font-family:DengXian;color:#1F497D">,</span><a href="mailto:RandD@comm100.com">RandD@comm100.com</a><span style="color:#1F497D"><o:p></o:p></span></p>
<p class="MsoNormal"><span style="color:#1F497D"><o:p>&nbsp;</o:p></span></p>
<p class="MsoNormal"><span lang="ZH-CN" style="font-family:DengXian;color:#1F497D">????????</span><span style="color:#1F497D"><o:p></o:p></span></p>
<p class="MsoNormal"><span style="color:#1F497D"><o:p>&nbsp;</o:p></span></p>
<p class="MsoNormal"><span style="color:#1F497D">mark<o:p></o:p></span></p>
<p class="MsoNormal"><span style="color:#1F497D"><o:p>&nbsp;</o:p></span></p>
<div>
<div style="border:none;border-top:solid #E1E1E1 1.0pt;padding:3.0pt 0in 0in 0in">
<p class="MsoNormal"><b>From:</b> Jamie Liu <br>
<b>Sent:</b> Tuesday, January 16, 2018 08:56<br>
<b>To:</b> Molly Liu &lt;<a href="mailto:Molly@comm100.com">Molly@comm100.com</a>&gt;<br>
<b>Cc:</b> Mark Hong &lt;<a href="mailto:mark@comm100.com">mark@comm100.com</a>&gt;<br>
<b>Subject:</b> RE: <span lang="ZH-CN" style="font-family:SimSun">???????????</span><o:p></o:p></p>
</div>
</div>
<p class="MsoNormal"><o:p>&nbsp;</o:p></p>
<p class="MsoNormal"><span style="color:#1F497D">[eBook] Improve Your Customer Experience: An Action Plan for CX Success<o:p></o:p></span></p>
<p class="MsoNormal"><span style="color:#1F497D"><o:p>&nbsp;</o:p></span></p>
<p class="MsoNormal"><span style="color:#1F497D">Learn how to turn your CX improvement ideas into results, with ready-to-use templates.<o:p></o:p></span></p>
<p class="MsoNormal"><span style="color:#1F497D"><o:p>&nbsp;</o:p></span></p>
<p class="MsoNormal"><span style="color:#1F497D">Download Now<o:p></o:p></span></p>
<p class="MsoNormal"><span style="color:#1F497D"><o:p>&nbsp;</o:p></span></p>
<p class="MsoNormal"><span style="color:#1F497D"><o:p>&nbsp;</o:p></span></p>
<p class="MsoNormal"><span style="color:#1F497D">Regards,<o:p></o:p></span></p>
<p class="MsoNormal"><span style="color:#1F497D">Jamie<o:p></o:p></span></p>
<p class="MsoNormal"><span style="color:#1F497D"><o:p>&nbsp;</o:p></span></p>
<p class="MsoNormal"><span style="color:#1F497D"><o:p>&nbsp;</o:p></span></p>
<p class="MsoNormal"><span style="color:#1F497D"><o:p>&nbsp;</o:p></span></p>
<div>
<div style="border:none;border-top:solid #E1E1E1 1.0pt;padding:3.0pt 0in 0in 0in">
<p class="MsoNormal"><b>From:</b> Molly Liu <br>
<b>Sent:</b> Monday, January 15, 2018 4:15 PM<br>
<b>To:</b> Jamie Liu &lt;<a href="mailto:Jamie@comm100.com">Jamie@comm100.com</a>&gt;<br>
<b>Cc:</b> Mark Hong &lt;<a href="mailto:mark@comm100.com">mark@comm100.com</a>&gt;<br>
<b>Subject:</b> RE: <span lang="ZH-CN" style="font-family:SimSun">???????????</span><o:p></o:p></p>
</div>
</div>
<p class="MsoNormal"><o:p>&nbsp;</o:p></p>
<p class="MsoNormal"><span lang="ZH-CN" style="font-family:DengXian;color:#1F497D">??????????,?????????</span><span style="color:#1F497D"><o:p></o:p></span></p>
<p class="MsoNormal"><span style="color:#1F497D"><o:p>&nbsp;</o:p></span></p>
<p class="MsoNormal"><span style="color:#1F497D">Molly<o:p></o:p></span></p>
<p class="MsoNormal"><span style="color:#1F497D"><o:p>&nbsp;</o:p></span></p>
<div>
<div style="border:none;border-top:solid #E1E1E1 1.0pt;padding:3.0pt 0in 0in 0in">
<p class="MsoNormal"><b>From:</b> Jamie Liu <br>
<b>Sent:</b> Sunday, January 14, 2018 1:44 PM<br>
<b>To:</b> Molly Liu &lt;<a href="mailto:Molly@comm100.com">Molly@comm100.com</a>&gt;<br>
<b>Cc:</b> Mark Hong &lt;<a href="mailto:mark@comm100.com">mark@comm100.com</a>&gt;<br>
<b>Subject:</b> <span lang="ZH-CN" style="font-family:SimSun">???????????</span><o:p></o:p></p>
</div>
</div>
<p class="MsoNormal"><o:p>&nbsp;</o:p></p>
<p class="MsoNormal">Hi Molly,<o:p></o:p></p>
<p class="MsoNormal"><o:p>&nbsp;</o:p></p>
<p class="MsoNormal"><span lang="ZH-CN" style="font-family:SimSun">??,????????????????,???????????,????????????????</span>benchmark report<span lang="ZH-CN" style="font-family:SimSun">?????</span>report<span lang="ZH-CN" style="font-family:SimSun">??????,????????????????</span>eBook<span lang="ZH-CN" style="font-family:SimSun">?</span>sample<span lang="ZH-CN" style="font-family:SimSun">???</span><o:p></o:p></p>
<p class="MsoNormal"><o:p>&nbsp;</o:p></p>
<p class="MsoNormal"><span lang="ZH-CN" style="font-family:SimSun">???</span>2<span lang="ZH-CN" style="font-family:SimSun">?????????</span><o:p></o:p></p>
<p class="MsoNormal"><o:p>&nbsp;</o:p></p>
<p class="MsoNormal">@Mark<span lang="ZH-CN" style="font-family:SimSun">,?????????</span>2<span lang="ZH-CN" style="font-family:SimSun">?</span>1<span lang="ZH-CN" style="font-family:SimSun">???,????</span><o:p></o:p></p>
<p class="MsoNormal"><o:p>&nbsp;</o:p></p>
<p class="MsoNormal"><o:p>&nbsp;</o:p></p>
<p class="MsoNormal">Regards,<o:p></o:p></p>
<p class="MsoNormal">Jamie<o:p></o:p></p>
</div>
</body>
</html>



TimeStamp: 2018-05-09 15:27:09.6413
Level: INFO
Title: Connection is reopen. Running monitoring


TimeStamp: 2018-05-09 15:27:10.8358
Level: INFO
Title: The connection to the subscription is disconnected and it will be reopen asap


TimeStamp: 2018-05-09 15:27:11.3963
Level: INFO
Title: <html xmlns:v="urn:schemas-microsoft-com:vml" xmlns:o="urn:schemas-microsoft-com:office:office" xmlns:w="urn:schemas-microsoft-com:office:word" xmlns:m="http://schemas.microsoft.com/office/2004/12/omml" xmlns="http://www.w3.org/TR/REC-html40">
<head>
<meta http-equiv="Content-Type" content="text/html; charset=utf-8">
<meta name="Generator" content="Microsoft Word 15 (filtered medium)">
<style><!--
/* Font Definitions */
@font-face
	{font-family:SimSun;
	panose-1:2 1 6 0 3 1 1 1 1 1;}
@font-face
	{font-family:"Cambria Math";
	panose-1:2 4 5 3 5 4 6 3 2 4;}
@font-face
	{font-family:Calibri;
	panose-1:2 15 5 2 2 2 4 3 2 4;}
@font-face
	{font-family:DengXian;
	panose-1:2 1 6 0 3 1 1 1 1 1;}
@font-face
	{font-family:"\@SimSun";
	panose-1:2 1 6 0 3 1 1 1 1 1;}
@font-face
	{font-family:"\@DengXian";
	panose-1:2 1 6 0 3 1 1 1 1 1;}
@font-face
	{font-family:"Microsoft YaHei";
	panose-1:2 11 5 3 2 2 4 2 2 4;}
@font-face
	{font-family:"\@Microsoft YaHei";
	panose-1:2 11 5 3 2 2 4 2 2 4;}
@font-face
	{font-family:"Segoe UI";
	panose-1:2 11 5 2 4 2 4 2 2 3;}
/* Style Definitions */
p.MsoNormal, li.MsoNormal, div.MsoNormal
	{margin:0in;
	margin-bottom:.0001pt;
	font-size:11.0pt;
	font-family:"Calibri",sans-serif;}
a:link, span.MsoHyperlink
	{mso-style-priority:99;
	color:#0563C1;
	text-decoration:underline;}
a:visited, span.MsoHyperlinkFollowed
	{mso-style-priority:99;
	color:#954F72;
	text-decoration:underline;}
p.msonormal0, li.msonormal0, div.msonormal0
	{mso-style-name:msonormal;
	mso-margin-top-alt:auto;
	margin-right:0in;
	mso-margin-bottom-alt:auto;
	margin-left:0in;
	font-size:12.0pt;
	font-family:SimSun;}
span.EmailStyle18
	{mso-style-type:personal;
	font-family:"Calibri",sans-serif;
	color:windowtext;}
span.EmailStyle19
	{mso-style-type:personal;
	font-family:"Calibri",sans-serif;
	color:#1F497D;}
span.EmailStyle20
	{mso-style-type:personal;
	font-family:"Calibri",sans-serif;
	color:#1F497D;}
span.EmailStyle21
	{mso-style-type:personal;
	font-family:"Calibri",sans-serif;
	color:#1F497D;}
span.EmailStyle22
	{mso-style-type:personal;
	font-family:"Calibri",sans-serif;
	color:#1F497D;}
span.EmailStyle23
	{mso-style-type:personal;
	font-family:"Calibri",sans-serif;
	color:#1F497D;}
span.EmailStyle24
	{mso-style-type:personal;
	font-family:"Calibri",sans-serif;
	color:#1F497D;}
span.EmailStyle25
	{mso-style-type:personal;
	font-family:"Segoe UI",sans-serif;
	color:#1F497D;}
span.EmailStyle26
	{mso-style-type:personal;
	font-family:"Calibri",sans-serif;
	color:#1F497D;}
span.EmailStyle27
	{mso-style-type:personal;
	font-family:"Calibri",sans-serif;
	color:#1F497D;}
span.EmailStyle28
	{mso-style-type:personal-reply;
	font-family:"Calibri",sans-serif;
	color:#1F497D;}
.MsoChpDefault
	{mso-style-type:export-only;
	font-size:10.0pt;}
@page WordSection1
	{size:8.5in 11.0in;
	margin:1.0in 1.0in 1.0in 1.0in;}
div.WordSection1
	{page:WordSection1;}
--></style><!--[if gte mso 9]><xml>
<o:shapedefaults v:ext="edit" spidmax="1026" />
</xml><![endif]--><!--[if gte mso 9]><xml>
<o:shapelayout v:ext="edit">
<o:idmap v:ext="edit" data="1" />
</o:shapelayout></xml><![endif]-->
</head>
<body lang="EN-US" link="#0563C1" vlink="#954F72">
<div class="WordSection1">
<p class="MsoNormal"><span style="color:#1F497D"><o:p>&nbsp;</o:p></span></p>
<p class="MsoNormal"><span lang="ZH-CN" style="font-family:SimSun;color:#1F497D">????????,???</span><span style="color:#1F497D">config option</span><span lang="ZH-CN" style="font-family:SimSun;color:#1F497D">??????,??????????</span><span style="color:#1F497D"><o:p></o:p></span></p>
<p class="MsoNormal"><span lang="ZH-CN" style="font-family:SimSun;color:#1F497D">????</span><span style="color:#1F497D">@Mark</span><span lang="ZH-CN" style="font-family:SimSun;color:#1F497D">,??????,?????????????????</span><span style="color:#1F497D"><o:p></o:p></span></p>
<p class="MsoNormal"><span style="color:#1F497D"><o:p>&nbsp;</o:p></span></p>
<p class="MsoNormal"><span style="color:#1F497D">@Henry</span><span lang="ZH-CN" style="font-family:SimSun;color:#1F497D">,????????</span><span style="color:#1F497D">Mark</span><span lang="ZH-CN" style="font-family:SimSun;color:#1F497D">???????????</span><span style="color:#1F497D"><o:p></o:p></span></p>
<p class="MsoNormal"><span style="color:#1F497D"><o:p>&nbsp;</o:p></span></p>
<p class="MsoNormal"><span style="color:#1F497D">Jason<o:p></o:p></span></p>
<p class="MsoNormal"><span style="color:#1F497D"><o:p>&nbsp;</o:p></span></p>
<p class="MsoNormal"><span style="color:#1F497D"><o:p>&nbsp;</o:p></span></p>
<div>
<div style="border:none;border-top:solid #E1E1E1 1.0pt;padding:3.0pt 0in 0in 0in">
<p class="MsoNormal"><b>From:</b> Jamie Liu <br>
<b>Sent:</b> Wednesday, May 9, 2018 3:06 PM<br>
<b>To:</b> Henry Ma &lt;henry@comm100.com&gt;; Mark Hong &lt;mark@comm100.com&gt;; Jabin &lt;Jabin@comm100.com&gt;; Jason Shen &lt;Jason.Shen@comm100.com&gt;<br>
<b>Cc:</b> RandD &lt;RandD@comm100.com&gt;; Kelly Chen &lt;kelly.chen@comm100.com&gt;<br>
<b>Subject:</b> RE: <span lang="ZH-CN" style="font-family:SimSun">???????????</span><o:p></o:p></p>
</div>
</div>
<p class="MsoNormal"><o:p>&nbsp;</o:p></p>
<p class="MsoNormal"><span style="color:#1F497D">Jason,<o:p></o:p></span></p>
<p class="MsoNormal"><span style="color:#1F497D"><o:p>&nbsp;</o:p></span></p>
<p class="MsoNormal"><span lang="ZH-CN" style="font-family:DengXian;color:#1F497D">?????????,????????,??????????????????????,?????</span><span style="color:#1F497D">service center</span><span lang="ZH-CN" style="font-family:DengXian;color:#1F497D">???????????????????,????????????,???????????????</span><span style="color:#1F497D">Mark</span><span lang="ZH-CN" style="font-family:DengXian;color:#1F497D">?,????????,?????????</span><span style="color:#1F497D"><o:p></o:p></span></p>
<p class="MsoNormal"><span style="color:#1F497D"><o:p>&nbsp;</o:p></span></p>
<p class="MsoNormal"><span lang="ZH-CN" style="font-family:DengXian;color:#1F497D">??????????????????</span><span style="color:#1F497D"><o:p></o:p></span></p>
<p class="MsoNormal"><span style="color:#1F497D"><o:p>&nbsp;</o:p></span></p>
<p class="MsoNormal"><span lang="ZH-CN" style="font-family:DengXian;color:#1F497D">??,???????????,?????????????,?????,?????????,???????</span><span style="color:#1F497D"><o:p></o:p></span></p>
<p class="MsoNormal"><span style="color:#1F497D"><o:p>&nbsp;</o:p></span></p>
<p class="MsoNormal"><span style="color:#1F497D">Regards,<o:p></o:p></span></p>
<p class="MsoNormal"><span style="color:#1F497D">Jamie<o:p></o:p></span></p>
<p class="MsoNormal"><span style="color:#1F497D"><o:p>&nbsp;</o:p></span></p>
<div>
<div style="border:none;border-top:solid #E1E1E1 1.0pt;padding:3.0pt 0in 0in 0in">
<p class="MsoNormal"><b>From:</b> Jamie Liu <br>
<b>Sent:</b> Tuesday, May 8, 2018 3:00 AM<br>
<b>To:</b> Henry Ma &lt;<a href="mailto:henry@comm100.com">henry@comm100.com</a>&gt;; Mark Hong &lt;<a href="mailto:mark@comm100.com">mark@comm100.com</a>&gt;; Jabin &lt;<a href="mailto:Jabin@comm100.com">Jabin@comm100.com</a>&gt;<br>
<b>Cc:</b> RandD &lt;<a href="mailto:RandD@comm100.com">RandD@comm100.com</a>&gt;; Kelly Chen &lt;<a href="mailto:kelly@comm100.com">kelly@comm100.com</a>&gt;<br>
<b>Subject:</b> RE: <span lang="ZH-CN" style="font-family:SimSun">???????????</span><o:p></o:p></p>
</div>
</div>
<p class="MsoNormal"><o:p>&nbsp;</o:p></p>
<p class="MsoNormal"><span style="color:#1F497D">Jabin,<o:p></o:p></span></p>
<p class="MsoNormal"><span style="color:#1F497D"><o:p>&nbsp;</o:p></span></p>
<p class="MsoNormal"><span lang="ZH-CN" style="font-family:DengXian;color:#1F497D">??</span><span style="color:#1F497D">1</span><span lang="ZH-CN" style="font-family:DengXian;color:#1F497D">??????????,??</span><span style="color:#1F497D">2</span><span lang="ZH-CN" style="font-family:DengXian;color:#1F497D">?????????,??</span><span style="color:#1F497D">3</span><span lang="ZH-CN" style="font-family:DengXian;color:#1F497D">???????????????,??</span><span style="color:#1F497D">4</span><span lang="ZH-CN" style="font-family:DengXian;color:#1F497D">?????????</span><span style="color:#1F497D"><o:p></o:p></span></p>
<p class="MsoNormal"><span style="color:#1F497D"><o:p>&nbsp;</o:p></span></p>
<p class="MsoNormal"><span lang="ZH-CN" style="font-family:DengXian;color:#1F497D">????????</span><span style="color:#1F497D"><o:p></o:p></span></p>
<p class="MsoNormal"><span style="color:#1F497D"><o:p>&nbsp;</o:p></span></p>
<p class="MsoNormal"><span style="color:#1F497D">Regards,<o:p></o:p></span></p>
<p class="MsoNormal"><span style="color:#1F497D">Jamie<o:p></o:p></span></p>
<p class="MsoNormal"><span style="color:#1F497D"><o:p>&nbsp;</o:p></span></p>
<div>
<div style="border:none;border-top:solid #E1E1E1 1.0pt;padding:3.0pt 0in 0in 0in">
<p class="MsoNormal"><b>From:</b> Henry Ma <br>
<b>Sent:</b> Monday, May 7, 2018 8:41 PM<br>
<b>To:</b> Mark Hong &lt;<a href="mailto:mark@comm100.com">mark@comm100.com</a>&gt;; Jamie Liu &lt;<a href="mailto:Jamie@comm100.com">Jamie@comm100.com</a>&gt;; Jabin &lt;<a href="mailto:Jabin@comm100.com">Jabin@comm100.com</a>&gt;<br>
<b>Cc:</b> RandD &lt;<a href="mailto:RandD@comm100.com">RandD@comm100.com</a>&gt;; Kelly Chen &lt;<a href="mailto:kelly@comm100.com">kelly@comm100.com</a>&gt;<br>
<b>Subject:</b> RE: <span lang="ZH-CN" style="font-family:SimSun">???????????</span><o:p></o:p></p>
</div>
</div>
<p class="MsoNormal"><o:p>&nbsp;</o:p></p>
<p class="MsoNormal"><span style="font-family:&quot;Segoe UI&quot;,sans-serif;color:#1F497D">Mark,
</span><span lang="ZH-CN" style="font-family:&quot;Microsoft YaHei&quot;,sans-serif;color:#1F497D">???</span><span lang="ZH-CN" style="font-family:&quot;Segoe UI&quot;,sans-serif;color:#1F497D">
</span><a href="mailto:jabin@comm100.com" id="OWAAM24C1343C4C0C4330B7C88C49A65966D3"><span style="font-family:&quot;Segoe UI&quot;,sans-serif;text-decoration:none">@Jabin</span></a><span lang="ZH-CN" style="font-family:&quot;Microsoft YaHei&quot;,sans-serif;color:#1F497D">???</span><span style="font-family:&quot;Segoe UI&quot;,sans-serif;color:#1F497D"><o:p></o:p></span></p>
<p class="MsoNormal"><span style="font-family:&quot;Segoe UI&quot;,sans-serif;color:#1F497D"><o:p>&nbsp;</o:p></span></p>
<div>
<p class="MsoNormal"><span style="font-family:&quot;Segoe UI&quot;,sans-serif;color:#1F497D"><o:p>&nbsp;</o:p></span></p>
<p class="MsoNormal"><span style="font-family:&quot;Segoe UI&quot;,sans-serif;color:#1F497D">Henry<o:p></o:p></span></p>
</div>
<p class="MsoNormal"><span style="font-family:&quot;Segoe UI&quot;,sans-serif;color:#1F497D"><o:p>&nbsp;</o:p></span></p>
<div>
<div style="border:none;border-top:solid #E1E1E1 1.0pt;padding:3.0pt 0in 0in 0in">
<p class="MsoNormal"><b>From:</b> Mark Hong <br>
<b>Sent:</b> Tuesday, May 8, 2018 11:27 AM<br>
<b>To:</b> Jamie Liu &lt;<a href="mailto:Jamie@comm100.com">Jamie@comm100.com</a>&gt;<br>
<b>Cc:</b> Henry Ma &lt;<a href="mailto:henry@comm100.com">henry@comm100.com</a>&gt;; RandD &lt;<a href="mailto:RandD@comm100.com">RandD@comm100.com</a>&gt;; Kelly Chen &lt;<a href="mailto:kelly@comm100.com">kelly@comm100.com</a>&gt;<br>
<b>Subject:</b> RE: <span lang="ZH-CN" style="font-family:SimSun">???????????</span><o:p></o:p></p>
</div>
</div>
<p class="MsoNormal"><o:p>&nbsp;</o:p></p>
<p class="MsoNormal"><span lang="ZH-CN" style="font-family:DengXian;color:#1F497D">????????,???????????????</span><span style="color:#1F497D"><o:p></o:p></span></p>
<p class="MsoNormal"><span style="color:#1F497D"><o:p>&nbsp;</o:p></span></p>
<p class="MsoNormal"><span style="color:#1F497D">Mark<o:p></o:p></span></p>
<p class="MsoNormal"><span style="color:#1F497D"><o:p>&nbsp;</o:p></span></p>
<div>
<div style="border:none;border-top:solid #E1E1E1 1.0pt;padding:3.0pt 0in 0in 0in">
<p class="MsoNormal"><b>From:</b> Jamie Liu <br>
<b>Sent:</b> Monday, May 7, 2018 17:44<br>
<b>To:</b> Mark Hong &lt;<a href="mailto:mark@comm100.com">mark@comm100.com</a>&gt;<br>
<b>Cc:</b> Henry Ma &lt;<a href="mailto:henry@comm100.com">henry@comm100.com</a>&gt;; RandD &lt;<a href="mailto:RandD@comm100.com">RandD@comm100.com</a>&gt;; Kelly Chen &lt;<a href="mailto:kelly@comm100.com">kelly@comm100.com</a>&gt;<br>
<b>Subject:</b> RE: <span lang="ZH-CN" style="font-family:SimSun">???????????</span><o:p></o:p></p>
</div>
</div>
<p class="MsoNormal"><o:p>&nbsp;</o:p></p>
<p class="MsoNormal"><span style="color:#1F497D">Hi Mark,<o:p></o:p></span></p>
<p class="MsoNormal"><span style="color:#1F497D"><o:p>&nbsp;</o:p></span></p>
<p class="MsoNormal"><span lang="ZH-CN" style="font-family:DengXian;color:#1F497D">?????????????????</span><span style="color:#1F497D">Jeff Epstein</span><span lang="ZH-CN" style="font-family:DengXian;color:#1F497D">??????,??????????</span><span lang="ZH-CN" style="color:#1F497D">
</span><span lang="ZH-CN" style="font-family:DengXian;color:#1F497D">?????</span><span style="color:#1F497D">Thanks.<o:p></o:p></span></p>
<p class="MsoNormal"><span style="color:#1F497D"><o:p>&nbsp;</o:p></span></p>
<p class="MsoNormal"><span style="color:#1F497D">Add Kelly in the loop.<o:p></o:p></span></p>
<p class="MsoNormal"><span style="color:#1F497D"><o:p>&nbsp;</o:p></span></p>
<p class="MsoNormal"><span style="color:#1F497D">Regards,<o:p></o:p></span></p>
<p class="MsoNormal"><span style="color:#1F497D">Jamie<o:p></o:p></span></p>
<p class="MsoNormal"><span style="color:#1F497D"><o:p>&nbsp;</o:p></span></p>
<div>
<div style="border:none;border-top:solid #E1E1E1 1.0pt;padding:3.0pt 0in 0in 0in">
<p class="MsoNormal"><b>From:</b> Jamie Liu <br>
<b>Sent:</b> Friday, January 19, 2018 8:00 AM<br>
<b>To:</b> Mark Hong &lt;<a href="mailto:mark@comm100.com">mark@comm100.com</a>&gt;<br>
<b>Cc:</b> Henry Ma &lt;<a href="mailto:henry@comm100.com">henry@comm100.com</a>&gt;; RandD &lt;<a href="mailto:RandD@comm100.com">RandD@comm100.com</a>&gt;<br>
<b>Subject:</b> RE: <span lang="ZH-CN" style="font-family:SimSun">???????????</span><o:p></o:p></p>
</div>
</div>
<p class="MsoNormal"><o:p>&nbsp;</o:p></p>
<p class="MsoNormal"><span style="color:#1F497D">Hi Mark,<o:p></o:p></span></p>
<p class="MsoNormal"><span style="color:#1F497D"><o:p>&nbsp;</o:p></span></p>
<p class="MsoNormal"><span lang="ZH-CN" style="font-family:SimSun;color:#1F497D">????????????????????,?????</span><span style="color:#1F497D">2</span><span lang="ZH-CN" style="font-family:SimSun;color:#1F497D">?</span><span style="color:#1F497D">1</span><span lang="ZH-CN" style="font-family:SimSun;color:#1F497D">????????</span><span style="color:#1F497D">benchmark
 report</span><span lang="ZH-CN" style="font-family:SimSun;color:#1F497D">????????</span><span style="color:#1F497D"><o:p></o:p></span></p>
<p class="MsoNormal"><span style="color:#1F497D"><o:p>&nbsp;</o:p></span></p>
<p class="MsoNormal"><span style="color:#1F497D"><o:p>&nbsp;</o:p></span></p>
<p class="MsoNormal"><span style="color:#1F497D">Regards,<o:p></o:p></span></p>
<p class="MsoNormal"><span style="color:#1F497D">Jamie<o:p></o:p></span></p>
<p class="MsoNormal"><span style="color:#1F497D"><o:p>&nbsp;</o:p></span></p>
<p class="MsoNormal"><span style="color:#1F497D"><o:p>&nbsp;</o:p></span></p>
<p class="MsoNormal"><span style="color:#1F497D"><o:p>&nbsp;</o:p></span></p>
<div>
<div style="border:none;border-top:solid #E1E1E1 1.0pt;padding:3.0pt 0in 0in 0in">
<p class="MsoNormal"><b>From:</b> Mark Hong <br>
<b>Sent:</b> Wednesday, January 17, 2018 2:23 PM<br>
<b>To:</b> Jamie Liu &lt;<a href="mailto:Jamie@comm100.com">Jamie@comm100.com</a>&gt;; Molly Liu &lt;<a href="mailto:Molly@comm100.com">Molly@comm100.com</a>&gt;<br>
<b>Subject:</b> RE: <span lang="ZH-CN" style="font-family:SimSun">???????????</span><o:p></o:p></p>
</div>
</div>
<p class="MsoNormal"><o:p>&nbsp;</o:p></p>
<p class="MsoNormal"><span lang="ZH-CN" style="font-family:DengXian;color:#1F497D">????????????</span><span style="color:#1F497D">cc</span><span lang="ZH-CN" style="font-family:DengXian;color:#1F497D">:</span><span style="color:#1F497D">henry</span><span lang="ZH-CN" style="font-family:DengXian;color:#1F497D">,</span><a href="mailto:RandD@comm100.com">RandD@comm100.com</a><span style="color:#1F497D"><o:p></o:p></span></p>
<p class="MsoNormal"><span style="color:#1F497D"><o:p>&nbsp;</o:p></span></p>
<p class="MsoNormal"><span lang="ZH-CN" style="font-family:DengXian;color:#1F497D">????????</span><span style="color:#1F497D"><o:p></o:p></span></p>
<p class="MsoNormal"><span style="color:#1F497D"><o:p>&nbsp;</o:p></span></p>
<p class="MsoNormal"><span style="color:#1F497D">mark<o:p></o:p></span></p>
<p class="MsoNormal"><span style="color:#1F497D"><o:p>&nbsp;</o:p></span></p>
<div>
<div style="border:none;border-top:solid #E1E1E1 1.0pt;padding:3.0pt 0in 0in 0in">
<p class="MsoNormal"><b>From:</b> Jamie Liu <br>
<b>Sent:</b> Tuesday, January 16, 2018 08:56<br>
<b>To:</b> Molly Liu &lt;<a href="mailto:Molly@comm100.com">Molly@comm100.com</a>&gt;<br>
<b>Cc:</b> Mark Hong &lt;<a href="mailto:mark@comm100.com">mark@comm100.com</a>&gt;<br>
<b>Subject:</b> RE: <span lang="ZH-CN" style="font-family:SimSun">???????????</span><o:p></o:p></p>
</div>
</div>
<p class="MsoNormal"><o:p>&nbsp;</o:p></p>
<p class="MsoNormal"><span style="color:#1F497D">[eBook] Improve Your Customer Experience: An Action Plan for CX Success<o:p></o:p></span></p>
<p class="MsoNormal"><span style="color:#1F497D"><o:p>&nbsp;</o:p></span></p>
<p class="MsoNormal"><span style="color:#1F497D">Learn how to turn your CX improvement ideas into results, with ready-to-use templates.<o:p></o:p></span></p>
<p class="MsoNormal"><span style="color:#1F497D"><o:p>&nbsp;</o:p></span></p>
<p class="MsoNormal"><span style="color:#1F497D">Download Now<o:p></o:p></span></p>
<p class="MsoNormal"><span style="color:#1F497D"><o:p>&nbsp;</o:p></span></p>
<p class="MsoNormal"><span style="color:#1F497D"><o:p>&nbsp;</o:p></span></p>
<p class="MsoNormal"><span style="color:#1F497D">Regards,<o:p></o:p></span></p>
<p class="MsoNormal"><span style="color:#1F497D">Jamie<o:p></o:p></span></p>
<p class="MsoNormal"><span style="color:#1F497D"><o:p>&nbsp;</o:p></span></p>
<p class="MsoNormal"><span style="color:#1F497D"><o:p>&nbsp;</o:p></span></p>
<p class="MsoNormal"><span style="color:#1F497D"><o:p>&nbsp;</o:p></span></p>
<div>
<div style="border:none;border-top:solid #E1E1E1 1.0pt;padding:3.0pt 0in 0in 0in">
<p class="MsoNormal"><b>From:</b> Molly Liu <br>
<b>Sent:</b> Monday, January 15, 2018 4:15 PM<br>
<b>To:</b> Jamie Liu &lt;<a href="mailto:Jamie@comm100.com">Jamie@comm100.com</a>&gt;<br>
<b>Cc:</b> Mark Hong &lt;<a href="mailto:mark@comm100.com">mark@comm100.com</a>&gt;<br>
<b>Subject:</b> RE: <span lang="ZH-CN" style="font-family:SimSun">???????????</span><o:p></o:p></p>
</div>
</div>
<p class="MsoNormal"><o:p>&nbsp;</o:p></p>
<p class="MsoNormal"><span lang="ZH-CN" style="font-family:DengXian;color:#1F497D">??????????,?????????</span><span style="color:#1F497D"><o:p></o:p></span></p>
<p class="MsoNormal"><span style="color:#1F497D"><o:p>&nbsp;</o:p></span></p>
<p class="MsoNormal"><span style="color:#1F497D">Molly<o:p></o:p></span></p>
<p class="MsoNormal"><span style="color:#1F497D"><o:p>&nbsp;</o:p></span></p>
<div>
<div style="border:none;border-top:solid #E1E1E1 1.0pt;padding:3.0pt 0in 0in 0in">
<p class="MsoNormal"><b>From:</b> Jamie Liu <br>
<b>Sent:</b> Sunday, January 14, 2018 1:44 PM<br>
<b>To:</b> Molly Liu &lt;<a href="mailto:Molly@comm100.com">Molly@comm100.com</a>&gt;<br>
<b>Cc:</b> Mark Hong &lt;<a href="mailto:mark@comm100.com">mark@comm100.com</a>&gt;<br>
<b>Subject:</b> <span lang="ZH-CN" style="font-family:SimSun">???????????</span><o:p></o:p></p>
</div>
</div>
<p class="MsoNormal"><o:p>&nbsp;</o:p></p>
<p class="MsoNormal">Hi Molly,<o:p></o:p></p>
<p class="MsoNormal"><o:p>&nbsp;</o:p></p>
<p class="MsoNormal"><span lang="ZH-CN" style="font-family:SimSun">??,????????????????,???????????,????????????????</span>benchmark report<span lang="ZH-CN" style="font-family:SimSun">?????</span>report<span lang="ZH-CN" style="font-family:SimSun">??????,????????????????</span>eBook<span lang="ZH-CN" style="font-family:SimSun">?</span>sample<span lang="ZH-CN" style="font-family:SimSun">???</span><o:p></o:p></p>
<p class="MsoNormal"><o:p>&nbsp;</o:p></p>
<p class="MsoNormal"><span lang="ZH-CN" style="font-family:SimSun">???</span>2<span lang="ZH-CN" style="font-family:SimSun">?????????</span><o:p></o:p></p>
<p class="MsoNormal"><o:p>&nbsp;</o:p></p>
<p class="MsoNormal">@Mark<span lang="ZH-CN" style="font-family:SimSun">,?????????</span>2<span lang="ZH-CN" style="font-family:SimSun">?</span>1<span lang="ZH-CN" style="font-family:SimSun">???,????</span><o:p></o:p></p>
<p class="MsoNormal"><o:p>&nbsp;</o:p></p>
<p class="MsoNormal"><o:p>&nbsp;</o:p></p>
<p class="MsoNormal">Regards,<o:p></o:p></p>
<p class="MsoNormal">Jamie<o:p></o:p></p>
</div>
</body>
</html>



TimeStamp: 2018-05-09 15:27:11.6696
Level: INFO
Title: Connection is reopen. Running monitoring


TimeStamp: 2018-05-09 15:28:09.6412
Level: INFO
Title: The connection to the subscription is disconnected and it will be reopen asap


TimeStamp: 2018-05-09 15:28:10.5539
Level: INFO
Title: Connection is reopen. Running monitoring


TimeStamp: 2018-05-09 15:28:11.6881
Level: INFO
Title: The connection to the subscription is disconnected and it will be reopen asap


TimeStamp: 2018-05-09 15:28:13.0693
Level: INFO
Title: Connection is reopen. Running monitoring


TimeStamp: 2018-05-09 15:29:10.5628
Level: INFO
Title: The connection to the subscription is disconnected and it will be reopen asap


TimeStamp: 2018-05-09 15:29:11.0882
Level: INFO
Title: <html>
<head>
<meta http-equiv="Content-Type" content="text/html; charset=utf-8">
<style>body { line-height: 1.5; }body { font-size: 10.5pt; font-family: 'Segoe UI'; color: rgb(0, 0, 0); line-height: 1.5; }</style>
</head>
<body>
<div><span></span>this is a test email for loading</div>
<div><br>
</div>
<hr style="width: 210px; height: 1px;" color="#b5c4df" size="1" align="left">
<div><span>
<div style="MARGIN: 10px; FONT-FAMILY: verdana; FONT-SIZE: 10pt">
<div>virtueares@foxmail.com</div>
</div>
</span></div>
</body>
</html>



TimeStamp: 2018-05-09 15:29:11.3554
Level: INFO
Title: Connection is reopen. Running monitoring


TimeStamp: 2018-05-09 15:29:13.0434
Level: INFO
Title: The connection to the subscription is disconnected and it will be reopen asap


TimeStamp: 2018-05-09 15:29:13.5263
Level: INFO
Title: <html xmlns:v="urn:schemas-microsoft-com:vml" xmlns:o="urn:schemas-microsoft-com:office:office" xmlns:w="urn:schemas-microsoft-com:office:word" xmlns:m="http://schemas.microsoft.com/office/2004/12/omml" xmlns="http://www.w3.org/TR/REC-html40">
<head>
<meta http-equiv="Content-Type" content="text/html; charset=utf-8">
<meta name="Generator" content="Microsoft Word 15 (filtered medium)">
<style><!--
/* Font Definitions */
@font-face
	{font-family:Wingdings;
	panose-1:5 0 0 0 0 0 0 0 0 0;}
@font-face
	{font-family:"Cambria Math";
	panose-1:2 4 5 3 5 4 6 3 2 4;}
@font-face
	{font-family:DengXian;
	panose-1:2 1 6 0 3 1 1 1 1 1;}
@font-face
	{font-family:Calibri;
	panose-1:2 15 5 2 2 2 4 3 2 4;}
@font-face
	{font-family:"Calibri Light";
	panose-1:2 15 3 2 2 2 4 3 2 4;}
@font-face
	{font-family:"\@DengXian";
	panose-1:2 1 6 0 3 1 1 1 1 1;}
@font-face
	{font-family:"Microsoft YaHei";
	panose-1:2 11 5 3 2 2 4 2 2 4;}
@font-face
	{font-family:"\@Microsoft YaHei";}
/* Style Definitions */
p.MsoNormal, li.MsoNormal, div.MsoNormal
	{margin:0in;
	margin-bottom:.0001pt;
	text-align:justify;
	font-size:10.5pt;
	font-family:DengXian;}
a:link, span.MsoHyperlink
	{mso-style-priority:99;
	color:#0563C1;
	text-decoration:underline;}
a:visited, span.MsoHyperlinkFollowed
	{mso-style-priority:99;
	color:#954F72;
	text-decoration:underline;}
p.MsoListParagraph, li.MsoListParagraph, div.MsoListParagraph
	{mso-style-priority:34;
	margin:0in;
	margin-bottom:.0001pt;
	text-align:justify;
	text-indent:21.0pt;
	font-size:10.5pt;
	font-family:DengXian;}
p.msonormal0, li.msonormal0, div.msonormal0
	{mso-style-name:msonormal;
	mso-margin-top-alt:auto;
	margin-right:0in;
	mso-margin-bottom-alt:auto;
	margin-left:0in;
	font-size:11.0pt;
	font-family:"Calibri",sans-serif;}
span.EmailStyle19
	{mso-style-type:personal;
	font-family:DengXian;
	color:windowtext;}
span.EmailStyle20
	{mso-style-type:personal-reply;
	font-family:"Calibri",sans-serif;
	color:windowtext;}
.MsoChpDefault
	{mso-style-type:export-only;
	font-size:10.0pt;}
@page WordSection1
	{size:8.5in 11.0in;
	margin:1.0in 1.25in 1.0in 1.25in;}
div.WordSection1
	{page:WordSection1;}
/* List Definitions */
@list l0
	{mso-list-id:1876917682;
	mso-list-type:hybrid;
	mso-list-template-ids:-163143218 67698689 67698691 67698693 67698689 67698691 67698693 67698689 67698691 67698693;}
@list l0:level1
	{mso-level-number-format:bullet;
	mso-level-text:\F06C;
	mso-level-tab-stop:none;
	mso-level-number-position:left;
	margin-left:21.0pt;
	text-indent:-21.0pt;
	font-family:Wingdings;}
@list l0:level2
	{mso-level-number-format:bullet;
	mso-level-text:\F06E;
	mso-level-tab-stop:none;
	mso-level-number-position:left;
	margin-left:42.0pt;
	text-indent:-21.0pt;
	font-family:Wingdings;}
@list l0:level3
	{mso-level-number-format:bullet;
	mso-level-text:\F075;
	mso-level-tab-stop:none;
	mso-level-number-position:left;
	margin-left:63.0pt;
	text-indent:-21.0pt;
	font-family:Wingdings;}
@list l0:level4
	{mso-level-number-format:bullet;
	mso-level-text:\F06C;
	mso-level-tab-stop:none;
	mso-level-number-position:left;
	margin-left:84.0pt;
	text-indent:-21.0pt;
	font-family:Wingdings;}
@list l0:level5
	{mso-level-number-format:bullet;
	mso-level-text:\F06E;
	mso-level-tab-stop:none;
	mso-level-number-position:left;
	margin-left:105.0pt;
	text-indent:-21.0pt;
	font-family:Wingdings;}
@list l0:level6
	{mso-level-number-format:bullet;
	mso-level-text:\F075;
	mso-level-tab-stop:none;
	mso-level-number-position:left;
	margin-left:1.75in;
	text-indent:-21.0pt;
	font-family:Wingdings;}
@list l0:level7
	{mso-level-number-format:bullet;
	mso-level-text:\F06C;
	mso-level-tab-stop:none;
	mso-level-number-position:left;
	margin-left:147.0pt;
	text-indent:-21.0pt;
	font-family:Wingdings;}
@list l0:level8
	{mso-level-number-format:bullet;
	mso-level-text:\F06E;
	mso-level-tab-stop:none;
	mso-level-number-position:left;
	margin-left:168.0pt;
	text-indent:-21.0pt;
	font-family:Wingdings;}
@list l0:level9
	{mso-level-number-format:bullet;
	mso-level-text:\F075;
	mso-level-tab-stop:none;
	mso-level-number-position:left;
	margin-left:189.0pt;
	text-indent:-21.0pt;
	font-family:Wingdings;}
ol
	{margin-bottom:0in;}
ul
	{margin-bottom:0in;}
--></style><!--[if gte mso 9]><xml>
<o:shapedefaults v:ext="edit" spidmax="1026" />
</xml><![endif]--><!--[if gte mso 9]><xml>
<o:shapelayout v:ext="edit">
<o:idmap v:ext="edit" data="1" />
</o:shapelayout></xml><![endif]-->
</head>
<body lang="EN-US" link="#0563C1" vlink="#954F72" style="text-justify-trim:punctuation">
<div class="WordSection1">
<p class="MsoNormal"><span style="font-size:11.0pt;font-family:&quot;Calibri&quot;,sans-serif">Is it a draft or final doc for other teams to review?<o:p></o:p></span></p>
<p class="MsoNormal"><span style="font-size:11.0pt;font-family:&quot;Calibri&quot;,sans-serif"><o:p>&nbsp;</o:p></span></p>
<p class="MsoNormal"><span style="font-size:11.0pt;font-family:&quot;Calibri&quot;,sans-serif">Lolly<o:p></o:p></span></p>
<p class="MsoNormal"><span style="font-size:11.0pt;font-family:&quot;Calibri&quot;,sans-serif"><o:p>&nbsp;</o:p></span></p>
<div>
<div style="border:none;border-top:solid #E1E1E1 1.0pt;padding:3.0pt 0in 0in 0in">
<p class="MsoNormal" align="left" style="text-align:left"><b><span style="font-size:11.0pt;font-family:&quot;Calibri&quot;,sans-serif">From:</span></b><span style="font-size:11.0pt;font-family:&quot;Calibri&quot;,sans-serif"> Alex Liang
<br>
<b>Sent:</b> Wednesday, May 9, 2018 3:14 PM<br>
<b>To:</b> Feature &lt;feature@comm100.com&gt;<br>
<b>Cc:</b> Frank &lt;Frank@comm100.com&gt;<br>
<b>Subject:</b> Ticket 1.1 feature UI<o:p></o:p></span></p>
</div>
</div>
<p class="MsoNormal" align="left" style="text-align:left"><o:p>&nbsp;</o:p></p>
<p class="MsoNormal">Hi~<o:p></o:p></p>
<p class="MsoNormal">&nbsp;&nbsp;&nbsp;&nbsp;&nbsp;&nbsp; Because our project team needed to expedite the processing of the 'Wechat' project. we finally made adjustments to the
<o:p></o:p></p>
<p class="MsoNormal">contents of the ticket 1.1. &nbsp;This version plans to develop the following two features:<o:p></o:p></p>
<p class="MsoListParagraph" style="margin-left:21.0pt;text-indent:-21.0pt;mso-list:l0 level1 lfo2">
<![if !supportLists]><span style="font-family:Wingdings"><span style="mso-list:Ignore">l<span style="font:7.0pt &quot;Times New Roman&quot;">&nbsp;
</span></span></span><![endif]><b>Search all tickets and advanced search terms<o:p></o:p></b></p>
<p class="MsoListParagraph" style="margin-left:21.0pt;text-indent:-21.0pt;mso-list:l0 level1 lfo2">
<![if !supportLists]><span style="font-family:Wingdings"><span style="mso-list:Ignore">l<span style="font:7.0pt &quot;Times New Roman&quot;">&nbsp;
</span></span></span><![endif]><b>Agents can operate in batches.<o:p></o:p></b></p>
<p class="MsoListParagraph" style="margin-left:21.0pt;text-indent:-21.0pt;mso-list:l0 level1 lfo2">
<![if !supportLists]><span style="font-family:Wingdings"><span style="mso-list:Ignore">l<span style="font:7.0pt &quot;Times New Roman&quot;">&nbsp;
</span></span></span><![endif]><b>Fix some bugs<o:p></o:p></b></p>
<p class="MsoNormal"><b><o:p>&nbsp;</o:p></b></p>
<p class="MsoNormal">In the attachment, I use pictures to show what the new features style.<o:p></o:p></p>
<p class="MsoNormal"><o:p>&nbsp;</o:p></p>
<p class="MsoNormal"><o:p>&nbsp;</o:p></p>
<p class="MsoNormal" style="line-height:12.0pt"><b><span lang="EN-CA" style="font-size:12.0pt;color:#1F497D">Alex<o:p></o:p></span></b></p>
<p class="MsoNormal" style="line-height:12.0pt"><span lang="EN-CA" style="font-size:10.0pt;font-family:&quot;Calibri Light&quot;,sans-serif;color:#888888">Product Manager<o:p></o:p></span></p>
<p class="MsoNormal" style="line-height:12.0pt"><span lang="EN-CA" style="font-size:10.0pt;font-family:&quot;Calibri Light&quot;,sans-serif;color:#888888"><o:p>&nbsp;</o:p></span></p>
<p class="MsoNormal" style="line-height:12.0pt"><b><span style="color:#339FD9">Comm100 Network Corporation</span></b><span style="font-size:12.0pt;font-family:&quot;Times New Roman&quot;,serif;color:black"><o:p></o:p></span></p>
<p class="MsoNormal"><span style="color:#888888">Website: </span><span style="font-size:11.0pt;font-family:&quot;Calibri&quot;,sans-serif;color:black"><a href="https://www.comm100.com/" target="_blank"><span style="font-size:10.5pt;font-family:DengXian;color:#888888">www.comm100.com</span></a><o:p></o:p></span></p>
<p class="MsoNormal"><o:p>&nbsp;</o:p></p>
</div>
</body>
</html>



TimeStamp: 2018-05-09 15:29:13.7855
Level: INFO
Title: Connection is reopen. Running monitoring


TimeStamp: 2018-05-09 15:30:11.3688
Level: INFO
Title: The connection to the subscription is disconnected and it will be reopen asap


TimeStamp: 2018-05-09 15:30:12.4681
Level: INFO
Title: Connection is reopen. Running monitoring


TimeStamp: 2018-05-09 15:30:13.7856
Level: INFO
Title: The connection to the subscription is disconnected and it will be reopen asap


TimeStamp: 2018-05-09 15:30:14.5453
Level: INFO
Title: Connection is reopen. Running monitoring


TimeStamp: 2018-05-09 16:00:25.2569
Level: INFO
Title: start windows service.


TimeStamp: 2018-05-09 16:00:25.3084
Level: INFO
Title: start connecting frank@comm100.com...


TimeStamp: 2018-05-09 16:00:25.3084
Level: INFO
Title: start connecting ares@comm100.com...


TimeStamp: 2018-05-09 16:00:41.6048
Level: INFO
Title: StreamSubscription event: 
1: Notification Event
2: Notification Error
3: Disconnection


TimeStamp: 2018-05-09 16:00:44.5938
Level: INFO
Title: StreamSubscription event: 
1: Notification Event
2: Notification Error
3: Disconnection


TimeStamp: 2018-05-09 16:01:41.6081
Level: INFO
Title: The connection to the subscription is disconnected and it will be reopen asap


TimeStamp: 2018-05-09 16:01:42.3744
Level: INFO
Title: Connection is reopen. Running monitoring


TimeStamp: 2018-05-09 16:01:44.5854
Level: INFO
Title: The connection to the subscription is disconnected and it will be reopen asap


TimeStamp: 2018-05-09 16:01:44.9759
Level: INFO
Title: Connection is reopen. Running monitoring


